TN:
SF:script/Deploy.s.sol
DA:39,0
FN:39,Deploy.run
FNDA:0,Deploy.run
DA:41,0
DA:42,0
DA:44,0
DA:45,0
DA:46,0
DA:47,0
DA:48,0
DA:49,0
DA:51,0
DA:56,0
DA:57,0
DA:58,0
DA:63,0
DA:64,0
DA:65,0
DA:70,0
DA:71,0
DA:72,0
DA:77,0
DA:78,0
DA:79,0
DA:80,0
DA:81,0
DA:82,0
DA:88,0
DA:93,0
DA:94,0
DA:95,0
DA:98,0
DA:99,0
DA:100,0
DA:101,0
DA:106,0
DA:107,0
DA:108,0
DA:109,0
DA:110,0
DA:115,0
DA:118,0
DA:119,0
DA:127,0
DA:128,0
DA:133,0
DA:134,0
DA:135,0
DA:136,0
DA:137,0
DA:138,0
DA:140,0
DA:145,0
DA:146,0
DA:147,0
DA:148,0
DA:149,0
DA:150,0
DA:151,0
DA:152,0
DA:153,0
DA:154,0
DA:155,0
DA:156,0
DA:157,0
DA:158,0
DA:159,0
DA:160,0
DA:161,0
DA:162,0
DA:163,0
DA:164,0
DA:165,0
DA:166,0
FNF:1
FNH:0
LF:72
LH:0
BRF:0
BRH:0
end_of_record
TN:
SF:script/DeployIntegrationFactory.s.sol
DA:25,0
FN:25,DeployIntegrationFactory.run
FNDA:0,DeployIntegrationFactory.run
DA:26,0
DA:27,0
DA:29,0
DA:30,0
DA:31,0
DA:32,0
DA:33,0
DA:35,0
DA:36,0
DA:37,0
DA:38,0
DA:39,0
DA:40,0
DA:41,0
DA:42,0
DA:43,0
DA:44,0
DA:46,0
DA:47,0
DA:48,0
DA:49,0
DA:51,0
DA:53,0
DA:55,0
DA:57,0
DA:58,0
DA:59,0
DA:60,0
FNF:1
FNH:0
LF:29
LH:0
BRF:0
BRH:0
end_of_record
TN:
SF:script/DeployNISTProxies.s.sol
DA:38,0
FN:38,DeployNISTProxies.constructor
FNDA:0,DeployNISTProxies.constructor
DA:39,0
DA:40,0
DA:58,0
FN:58,DeployNISTProxies.run
FNDA:0,DeployNISTProxies.run
DA:59,0
DA:60,0
DA:62,0
DA:63,0
DA:64,0
DA:65,0
DA:66,0
DA:67,0
DA:69,0
DA:73,0
DA:74,0
DA:85,0
DA:86,0
DA:90,0
DA:91,0
DA:99,0
DA:100,0
DA:104,0
DA:105,0
DA:106,0
DA:107,0
DA:115,0
DA:116,0
DA:120,0
DA:121,0
DA:132,0
DA:133,0
DA:137,0
DA:138,0
DA:146,0
DA:147,0
DA:151,0
DA:152,0
DA:163,0
DA:164,0
DA:168,0
DA:169,0
DA:178,0
DA:179,0
DA:181,0
DA:183,0
DA:184,0
DA:185,0
DA:186,0
DA:187,0
DA:188,0
DA:189,0
DA:190,0
DA:191,0
DA:192,0
DA:193,0
DA:194,0
DA:195,0
DA:196,0
DA:197,0
DA:198,0
DA:199,0
DA:200,0
DA:201,0
DA:202,0
FNF:2
FNH:0
LF:64
LH:0
BRF:0
BRH:0
end_of_record
TN:
SF:script/DeployNISTUpgrades.s.sol
DA:49,0
FN:49,DeployNISTUpgrades.run
FNDA:0,DeployNISTUpgrades.run
DA:50,0
DA:51,0
DA:53,0
DA:54,0
DA:55,0
DA:56,0
DA:57,0
DA:58,0
DA:59,0
DA:61,0
DA:67,0
DA:68,0
DA:71,0
DA:72,0
DA:73,0
DA:76,0
DA:77,0
DA:78,0
DA:81,0
DA:82,0
DA:83,0
DA:86,0
DA:87,0
DA:88,0
DA:91,0
DA:92,0
DA:93,0
DA:96,0
DA:97,0
DA:98,0
DA:101,0
DA:102,0
DA:103,0
DA:106,0
DA:107,0
DA:108,0
DA:110,0
DA:115,0
DA:116,0
DA:117,0
DA:118,0
DA:119,0
DA:120,0
DA:121,0
DA:122,0
DA:123,0
DA:124,0
DA:125,0
DA:126,0
DA:127,0
DA:128,0
DA:129,0
DA:130,0
DA:131,0
DA:132,0
DA:133,0
DA:134,0
DA:135,0
DA:136,0
DA:137,0
DA:138,0
DA:139,0
DA:140,0
DA:141,0
DA:142,0
FNF:1
FNH:0
LF:66
LH:0
BRF:0
BRH:0
end_of_record
TN:
SF:script/UpgradeTAGITCore.s.sol
DA:30,0
FN:30,UpgradeTAGITCore.schedule
FNDA:0,UpgradeTAGITCore.schedule
DA:31,0
DA:32,0
DA:33,0
DA:34,0
DA:36,0
DA:37,0
DA:39,0
DA:40,0
DA:41,0
DA:42,0
DA:43,0
DA:44,0
DA:46,0
DA:47,0
DA:48,0
DA:50,0
DA:53,0
DA:54,0
DA:55,0
DA:58,0
DA:61,0
DA:62,0
DA:64,0
DA:65,0
DA:67,0
DA:76,0
DA:78,0
DA:80,0
DA:81,0
DA:82,0
DA:83,0
DA:84,0
DA:85,0
DA:86,0
DA:87,0
DA:88,0
DA:89,0
DA:90,0
DA:91,0
DA:92,0
DA:95,0
DA:98,0
FN:98,UpgradeTAGITCore.execute
FNDA:0,UpgradeTAGITCore.execute
DA:99,0
DA:100,0
DA:101,0
DA:102,0
DA:103,0
DA:104,0
DA:106,0
DA:107,0
DA:109,0
DA:110,0
DA:111,0
DA:112,0
DA:113,0
DA:114,0
DA:116,0
DA:117,0
DA:118,0
DA:119,0
DA:122,0
DA:124,0
DA:126,0
DA:127,0
DA:128,0
DA:130,0
DA:132,0
DA:133,0
DA:135,0
DA:137,0
DA:139,0
DA:140,0
DA:141,0
DA:142,0
DA:143,0
DA:144,0
DA:145,0
DA:146,0
FNF:2
FNH:0
LF:79
LH:0
BRF:0
BRH:0
end_of_record
TN:
SF:script/deploy/DeployAgentSuite.s.sol
DA:34,0
FN:34,DeployAgentSuite.run
FNDA:0,DeployAgentSuite.run
DA:35,0
DA:36,0
DA:37,0
DA:39,0
DA:40,0
DA:41,0
DA:42,0
DA:43,0
DA:44,0
DA:45,0
DA:46,0
DA:48,0
DA:53,0
DA:54,0
DA:55,0
DA:60,0
DA:61,0
DA:62,0
DA:67,0
DA:68,0
DA:69,0
DA:74,0
DA:75,0
DA:76,0
DA:77,0
DA:78,0
DA:83,0
DA:84,0
DA:85,0
DA:86,0
DA:88,0
DA:93,0
DA:94,0
DA:95,0
DA:96,0
DA:97,0
DA:98,0
DA:99,0
DA:100,0
DA:101,0
DA:102,0
DA:103,0
DA:104,0
FNF:1
FNH:0
LF:44
LH:0
BRF:0
BRH:0
end_of_record
TN:
SF:script/deploy/DeployArbitrumFull.s.sol
DA:42,0
FN:42,DeployArbitrumFull.run
FNDA:0,DeployArbitrumFull.run
DA:43,0
DA:44,0
DA:46,0
DA:47,0
DA:48,0
DA:49,0
DA:50,0
DA:51,0
DA:53,0
DA:56,0
DA:57,0
DA:60,0
DA:61,0
DA:64,0
DA:65,0
DA:66,0
DA:67,0
DA:70,0
DA:71,0
DA:72,0
DA:73,0
DA:74,0
DA:75,0
DA:78,0
DA:79,0
DA:82,0
DA:84,0
DA:85,0
DA:87,0
DA:91,0
DA:92,0
DA:93,0
DA:94,0
DA:96,0
DA:100,0
DA:101,0
DA:102,0
DA:103,0
DA:105,0
DA:108,0
DA:109,0
DA:113,0
DA:114,0
DA:115,0
DA:116,0
DA:117,0
DA:118,0
DA:119,0
DA:120,0
DA:121,0
DA:123,0
DA:127,0
DA:128,0
DA:129,0
DA:130,0
DA:132,0
DA:134,0
DA:137,0
DA:138,0
DA:139,0
DA:140,0
DA:141,0
DA:142,0
DA:143,0
DA:144,0
DA:145,0
DA:146,0
DA:147,0
DA:148,0
DA:149,0
DA:150,0
DA:151,0
DA:152,0
DA:153,0
DA:154,0
DA:155,0
DA:156,0
FNF:1
FNH:0
LF:78
LH:0
BRF:0
BRH:0
end_of_record
TN:
SF:script/deploy/DeployArbitrumSepolia.s.sol
DA:23,0
FN:23,DeployArbitrumSepolia.run
FNDA:0,DeployArbitrumSepolia.run
DA:24,0
DA:25,0
DA:27,0
DA:28,0
DA:29,0
DA:30,0
DA:31,0
DA:32,0
DA:34,0
DA:37,0
DA:38,0
DA:39,0
DA:40,0
DA:41,0
DA:42,0
DA:45,0
DA:46,0
DA:49,0
DA:51,0
DA:52,0
DA:54,0
DA:58,0
DA:59,0
DA:60,0
DA:61,0
DA:63,0
DA:67,0
DA:68,0
DA:69,0
DA:70,0
DA:72,0
DA:74,0
DA:77,0
DA:78,0
DA:79,0
DA:80,0
DA:81,0
DA:82,0
DA:83,0
DA:84,0
DA:85,0
DA:86,0
DA:87,0
DA:88,0
DA:89,0
DA:90,0
DA:91,0
DA:92,0
DA:93,0
DA:94,0
FNF:1
FNH:0
LF:51
LH:0
BRF:0
BRH:0
end_of_record
TN:
SF:script/deploy/DeployArbitrumSepoliaDemo.s.sol
DA:8,0
FN:8,DeployArbitrumSepoliaDemo.run
FNDA:0,DeployArbitrumSepoliaDemo.run
DA:9,0
DA:12,0
DA:13,0
DA:16,0
DA:17,0
DA:18,0
DA:19,0
DA:21,0
FNF:1
FNH:0
LF:9
LH:0
BRF:0
BRH:0
end_of_record
TN:
SF:script/deploy/DeployPaymasterArbitrum.s.sol
DA:47,0
FN:47,DeployPaymasterArbitrum.run
FNDA:0,DeployPaymasterArbitrum.run
DA:48,0
DA:49,0
DA:51,0
DA:52,0
DA:53,0
DA:54,0
DA:55,0
DA:56,0
DA:57,0
DA:59,0
DA:62,0
DA:63,0
DA:66,0
DA:67,0
DA:68,0
DA:69,0
DA:72,0
DA:73,0
DA:74,0
DA:75,0
DA:76,0
DA:79,0
DA:80,0
DA:83,0
DA:84,0
DA:86,0
DA:89,0
DA:90,0
DA:91,0
DA:92,0
DA:93,0
DA:94,0
DA:95,0
DA:96,0
DA:97,0
DA:98,0
DA:99,0
DA:100,0
DA:101,0
DA:102,0
DA:103,0
DA:104,0
DA:105,0
DA:106,0
DA:107,0
DA:108,0
DA:109,0
DA:110,0
DA:111,0
DA:112,0
DA:113,0
DA:114,0
DA:115,0
DA:116,0
DA:117,0
DA:120,0
FN:120,DeployPaymasterArbitrum._whitelistSelector
FNDA:0,DeployPaymasterArbitrum._whitelistSelector
DA:121,0
DA:124,0
DA:125,0
FNF:2
FNH:0
LF:60
LH:0
BRF:0
BRH:0
end_of_record
TN:
SF:script/deploy/DeployRoboticAuthorizer.s.sol
DA:37,0
FN:37,DeployRoboticAuthorizer._getAddresses
FNDA:0,DeployRoboticAuthorizer._getAddresses
DA:38,0
BRDA:38,0,0,-
BRDA:38,0,1,-
DA:39,0
DA:40,0
BRDA:40,1,0,-
BRDA:40,1,1,-
DA:41,0
DA:43,0
DA:47,0
FN:47,DeployRoboticAuthorizer.run
FNDA:0,DeployRoboticAuthorizer.run
DA:48,0
DA:49,0
DA:50,0
DA:52,0
DA:53,0
DA:54,0
DA:55,0
DA:56,0
DA:57,0
DA:58,0
DA:59,0
DA:61,0
DA:64,0
DA:65,0
DA:68,0
DA:69,0
DA:70,0
DA:72,0
DA:75,0
DA:76,0
DA:77,0
DA:78,0
DA:79,0
DA:81,0
DA:82,0
DA:84,0
DA:85,0
DA:86,0
FNF:2
FNH:0
LF:35
LH:0
BRF:4
BRH:0
end_of_record
TN:
SF:script/deploy/DeployStateAnchor.s.sol
DA:21,0
FN:21,DeployStateAnchor.run
FNDA:0,DeployStateAnchor.run
DA:22,0
DA:23,0
DA:25,0
DA:26,0
DA:27,0
DA:28,0
DA:29,0
DA:30,0
DA:32,0
DA:35,0
DA:37,0
DA:39,0
DA:40,0
DA:41,0
DA:42,0
DA:43,0
DA:44,0
DA:45,0
DA:46,0
DA:47,0
DA:48,0
FNF:1
FNH:0
LF:22
LH:0
BRF:0
BRH:0
end_of_record
TN:
SF:script/deploy/DeployTAGITCoreProxy.s.sol
DA:30,0
FN:30,DeployTAGITCoreProxy.run
FNDA:0,DeployTAGITCoreProxy.run
DA:31,0
DA:32,0
DA:33,0
DA:34,0
DA:36,0
DA:37,0
DA:38,0
DA:39,0
DA:40,0
DA:41,0
DA:42,0
DA:43,0
DA:45,0
DA:48,0
DA:49,0
DA:50,0
DA:51,0
DA:52,0
DA:53,0
DA:56,0
DA:57,0
DA:60,0
DA:62,0
DA:63,0
DA:65,0
DA:69,0
DA:70,0
DA:71,0
DA:72,0
DA:74,0
DA:78,0
DA:79,0
DA:80,0
DA:81,0
DA:82,0
DA:84,0
DA:87,0
DA:88,0
DA:89,0
DA:90,0
DA:91,0
DA:93,0
DA:97,0
DA:98,0
DA:99,0
DA:100,0
DA:102,0
DA:106,0
DA:107,0
DA:108,0
DA:109,0
DA:111,0
DA:128,0
DA:131,0
DA:132,0
DA:133,0
DA:134,0
DA:135,0
DA:136,0
DA:137,0
DA:138,0
DA:139,0
DA:140,0
DA:141,0
DA:142,0
DA:143,0
DA:144,0
DA:145,0
DA:146,0
DA:147,0
DA:148,0
DA:149,0
DA:150,0
DA:151,0
DA:152,0
FNF:1
FNH:0
LF:76
LH:0
BRF:0
BRH:0
end_of_record
TN:
SF:script/deploy/DeployTokenAndGovernor.s.sol
DA:49,0
FN:49,DeployTokenAndGovernor.run
FNDA:0,DeployTokenAndGovernor.run
DA:50,0
DA:51,0
DA:53,0
DA:54,0
DA:55,0
DA:56,0
DA:57,0
DA:59,0
DA:61,0
DA:62,0
DA:63,0
DA:64,0
DA:65,0
DA:67,0
DA:69,0
DA:72,0
FN:72,DeployTokenAndGovernor._deployToken
FNDA:0,DeployTokenAndGovernor._deployToken
DA:73,0
DA:74,0
DA:75,0
DA:76,0
DA:77,0
DA:78,0
DA:79,0
DA:82,0
FN:82,DeployTokenAndGovernor._deployGovernor
FNDA:0,DeployTokenAndGovernor._deployGovernor
DA:83,0
DA:84,0
DA:85,0
DA:96,0
DA:97,0
DA:98,0
DA:99,0
DA:102,0
FN:102,DeployTokenAndGovernor._redeployTreasury
FNDA:0,DeployTokenAndGovernor._redeployTreasury
DA:103,0
DA:104,0
DA:105,0
DA:106,0
DA:107,0
DA:108,0
DA:109,0
DA:110,0
DA:113,0
FN:113,DeployTokenAndGovernor._upgradeRecovery
FNDA:0,DeployTokenAndGovernor._upgradeRecovery
DA:114,0
DA:115,0
DA:116,0
DA:117,0
DA:119,0
DA:120,0
DA:121,0
DA:122,0
DA:123,0
DA:124,0
DA:125,0
DA:126,0
DA:129,0
FN:129,DeployTokenAndGovernor._upgradePrograms
FNDA:0,DeployTokenAndGovernor._upgradePrograms
DA:130,0
DA:131,0
DA:132,0
DA:133,0
DA:135,0
DA:136,0
DA:137,0
DA:140,0
FN:140,DeployTokenAndGovernor._printSummary
FNDA:0,DeployTokenAndGovernor._printSummary
DA:141,0
DA:142,0
DA:143,0
DA:144,0
DA:145,0
DA:146,0
DA:147,0
DA:148,0
DA:149,0
DA:150,0
DA:151,0
DA:152,0
FNF:7
FNH:0
LF:75
LH:0
BRF:0
BRH:0
end_of_record
TN:
SF:script/deploy/DeployVerificationEscrow.s.sol
DA:27,0
FN:27,DeployVerificationEscrow.run
FNDA:0,DeployVerificationEscrow.run
DA:28,0
DA:29,0
DA:30,0
DA:32,0
DA:33,0
DA:34,0
DA:35,0
DA:36,0
DA:37,0
DA:38,0
DA:39,0
DA:41,0
DA:43,0
DA:45,0
DA:47,0
DA:48,0
DA:49,0
DA:50,0
DA:51,0
DA:52,0
DA:53,0
FNF:1
FNH:0
LF:22
LH:0
BRF:0
BRH:0
end_of_record
TN:
SF:script/deploy/FixAuditIssues.s.sol
DA:36,0
FN:36,FixAuditIssues.run
FNDA:0,FixAuditIssues.run
DA:37,0
DA:38,0
DA:40,0
DA:41,0
DA:42,0
DA:43,0
DA:44,0
DA:46,0
DA:47,0
DA:48,0
DA:51,0
DA:53,0
DA:54,0
DA:55,0
DA:56,0
DA:58,0
DA:59,0
DA:60,0
DA:62,0
DA:63,0
DA:64,0
DA:65,0
DA:67,0
DA:70,0
BRDA:70,0,0,-
BRDA:70,0,1,-
DA:71,0
DA:72,0
DA:74,0
DA:78,0
BRDA:78,1,0,-
BRDA:78,1,1,-
DA:79,0
DA:80,0
DA:82,0
DA:86,0
BRDA:86,2,0,-
BRDA:86,2,1,-
DA:87,0
DA:88,0
DA:90,0
DA:94,0
BRDA:94,3,0,-
BRDA:94,3,1,-
DA:95,0
DA:96,0
DA:98,0
DA:101,0
DA:104,0
DA:105,0
DA:106,0
DA:107,0
DA:108,0
DA:109,0
DA:110,0
DA:111,0
DA:112,0
DA:113,0
DA:114,0
DA:115,0
DA:116,0
FNF:1
FNH:0
LF:54
LH:0
BRF:8
BRH:0
end_of_record
TN:
SF:script/deploy/SetTrustedOracle.s.sol
DA:20,0
FN:20,SetTrustedOracle.run
FNDA:0,SetTrustedOracle.run
DA:21,0
DA:22,0
DA:25,0
DA:26,0
DA:29,0
DA:31,0
DA:33,0
DA:34,0
DA:35,0
DA:36,0
DA:37,0
DA:38,0
DA:39,0
DA:42,0
DA:43,0
DA:45,0
BRDA:45,0,0,-
DA:46,0
DA:47,0
DA:50,0
DA:53,0
DA:54,0
DA:55,0
DA:57,0
DA:59,0
BRDA:59,1,0,-
BRDA:59,1,1,-
DA:61,0
DA:62,0
DA:63,0
DA:66,0
DA:67,0
DA:68,0
DA:69,0
DA:70,0
DA:71,0
DA:74,0
DA:77,0
DA:78,0
DA:79,0
DA:81,0
BRDA:81,2,0,-
BRDA:81,2,1,-
DA:82,0
DA:84,0
FNF:1
FNH:0
LF:41
LH:0
BRF:5
BRH:0
end_of_record
TN:
SF:script/deploy/UpgradeCoreQuorum.s.sol
DA:26,0
FN:26,UpgradeCoreQuorum.schedule
FNDA:0,UpgradeCoreQuorum.schedule
DA:27,0
DA:28,0
DA:30,0
DA:31,0
DA:33,0
DA:34,0
DA:35,0
DA:36,0
DA:37,0
DA:39,0
DA:40,0
DA:42,0
DA:45,0
DA:46,0
DA:49,0
DA:51,0
DA:52,0
DA:54,0
DA:56,0
DA:58,0
DA:59,0
DA:60,0
DA:61,0
DA:62,0
DA:63,0
DA:64,0
DA:65,0
DA:68,0
FN:68,UpgradeCoreQuorum.execute
FNDA:0,UpgradeCoreQuorum.execute
DA:69,0
DA:70,0
DA:72,0
DA:73,0
DA:75,0
DA:76,0
DA:77,0
DA:79,0
DA:80,0
DA:81,0
DA:83,0
DA:85,0
DA:86,0
DA:87,0
DA:88,0
BRDA:88,0,0,-
BRDA:88,0,1,-
DA:90,0
DA:91,0
DA:92,0
DA:94,0
DA:95,0
DA:96,0
DA:97,0
DA:100,0
DA:101,0
DA:102,0
FNF:2
FNH:0
LF:54
LH:0
BRF:2
BRH:0
end_of_record
TN:
SF:script/setup/RegisterSageAgent.s.sol
DA:20,0
FN:20,RegisterSageAgent.run
FNDA:0,RegisterSageAgent.run
DA:21,0
DA:22,0
DA:23,0
DA:24,0
DA:25,0
DA:27,0
DA:29,0
DA:30,0
DA:31,0
DA:32,0
DA:33,0
DA:34,0
DA:35,0
DA:36,0
DA:38,0
DA:43,0
DA:44,0
DA:45,0
DA:50,0
DA:51,0
DA:52,0
DA:53,0
DA:54,0
DA:55,0
DA:58,0
DA:60,0
DA:65,0
DA:66,0
DA:67,0
DA:68,0
DA:69,0
DA:70,0
DA:71,0
DA:72,0
DA:73,0
DA:74,0
DA:75,0
FNF:1
FNH:0
LF:38
LH:0
BRF:0
BRH:0
end_of_record
TN:
SF:src/access/CapabilityBadge.sol
DA:69,4594
FN:69,CapabilityBadge.grantCapability
FNDA:4594,CapabilityBadge.grantCapability
DA:73,4593
BRDA:73,0,0,1
DA:74,4592
BRDA:74,1,0,1
DA:79,4591
DA:82,4591
DA:87,4591
DA:100,268
FN:100,CapabilityBadge.revokeCapability
FNDA:268,CapabilityBadge.revokeCapability
DA:104,267
DA:105,267
BRDA:105,2,0,1
DA:106,1
DA:112,266
DA:115,266
DA:120,266
DA:133,7
FN:133,CapabilityBadge.batchGrantCapabilities
FNDA:7,CapabilityBadge.batchGrantCapabilities
DA:137,6
BRDA:137,3,0,1
DA:139,5
DA:142,5
DA:143,5
DA:144,13
DA:146,13
DA:154,5
DA:160,5
DA:161,13
DA:163,13
DA:177,3
FN:177,CapabilityBadge.batchRevokeCapabilities
FNDA:3,CapabilityBadge.batchRevokeCapabilities
DA:178,2
DA:181,2
DA:182,2
DA:183,5
DA:185,5
DA:193,2
DA:199,2
DA:200,5
DA:202,5
DA:218,864361
FN:218,CapabilityBadge.hasCapability
FNDA:864361,CapabilityBadge.hasCapability
DA:219,864361
FNF:5
FNH:5
LF:36
LH:36
BRF:4
BRH:4
end_of_record
TN:
SF:src/access/IdentityBadge.sol
DA:52,617
FN:52,IdentityBadge.constructor
FNDA:617,IdentityBadge.constructor
DA:53,617
DA:73,1421
FN:73,IdentityBadge.grantIdentity
FNDA:1421,IdentityBadge.grantIdentity
DA:77,1420
BRDA:77,0,0,1
DA:78,1419
BRDA:78,1,0,1
DA:79,1418
BRDA:79,2,0,1
DA:80,1
DA:86,1417
DA:88,1417
DA:92,1417
DA:95,1417
DA:100,1417
DA:101,1417
DA:114,262
FN:114,IdentityBadge.revokeIdentity
FNDA:262,IdentityBadge.revokeIdentity
DA:118,261
DA:119,261
BRDA:119,3,0,1
DA:120,1
DA:130,260
DA:135,260
DA:149,3734
FN:149,IdentityBadge.hasIdentity
FNDA:3734,IdentityBadge.hasIdentity
DA:150,3734
DA:159,3
FN:159,IdentityBadge.getTokenId
FNDA:3,IdentityBadge.getTokenId
DA:160,3
DA:173,259
FN:173,IdentityBadge.locked
FNDA:259,IdentityBadge.locked
DA:177,259
DA:196,1679
FN:196,IdentityBadge._update
FNDA:1679,IdentityBadge._update
DA:197,1679
DA:202,1679
BRDA:202,4,0,2
DA:203,2
DA:206,1677
DA:216,1
FN:216,IdentityBadge.approve
FNDA:1,IdentityBadge.approve
DA:220,1
DA:230,0
FN:230,IdentityBadge.setApprovalForAll
FNDA:0,IdentityBadge.setApprovalForAll
DA:235,0
FNF:9
FNH:8
LF:34
LH:32
BRF:5
BRH:5
end_of_record
TN:
SF:src/access/TAGITAccess.sol
DA:73,843
FN:73,TAGITAccess.setIdentityBadge
FNDA:843,TAGITAccess.setIdentityBadge
DA:77,842
BRDA:77,0,0,1
DA:82,841
DA:83,841
DA:88,841
DA:99,919
FN:99,TAGITAccess.setCapabilityBadge
FNDA:919,TAGITAccess.setCapabilityBadge
DA:103,918
BRDA:103,1,0,1
DA:108,917
DA:109,917
DA:114,917
DA:130,863559
FN:130,TAGITAccess.hasCapability
FNDA:863559,TAGITAccess.hasCapability
DA:132,863559
BRDA:132,2,0,2
DA:135,863557
DA:146,857871
FN:146,TAGITAccess.requireCapability
FNDA:857871,TAGITAccess.requireCapability
DA:148,857871
BRDA:148,3,0,2611
DA:149,2611
DA:166,2950
FN:166,TAGITAccess.hasIdentity
FNDA:2950,TAGITAccess.hasIdentity
DA:168,2950
BRDA:168,4,0,2
DA:171,2948
DA:182,260
FN:182,TAGITAccess.requireIdentity
FNDA:260,TAGITAccess.requireIdentity
DA:184,260
BRDA:184,5,0,2
DA:185,2
DA:197,2
FN:197,TAGITAccess.identityBadge
FNDA:2,TAGITAccess.identityBadge
DA:198,2
DA:205,2
FN:205,TAGITAccess.capabilityBadge
FNDA:2,TAGITAccess.capabilityBadge
DA:206,2
FNF:8
FNH:8
LF:26
LH:26
BRF:6
BRH:6
end_of_record
TN:
SF:src/account/TAGITAccount.sol
DA:115,70
FN:115,TAGITAccount.constructor
FNDA:70,TAGITAccount.constructor
DA:116,70
DA:130,312
FN:130,TAGITAccount.initialize
FNDA:312,TAGITAccount.initialize
DA:133,1
BRDA:133,0,0,1
DA:134,311
BRDA:134,1,0,-
DA:136,311
DA:137,311
DA:138,311
DA:139,311
DA:140,311
DA:143,311
BRDA:143,2,0,306
DA:144,306
DA:145,306
DA:146,306
DA:147,306
DA:148,306
DA:149,306
DA:152,311
DA:159,276
FN:159,TAGITAccount.onlyEntryPoint
FNDA:276,TAGITAccount.onlyEntryPoint
DA:160,276
BRDA:160,3,0,1
DA:161,1
DA:166,0
FN:166,TAGITAccount.onlyOwner
FNDA:0,TAGITAccount.onlyOwner
DA:167,0
BRDA:167,4,0,-
DA:168,0
DA:173,0
FN:173,TAGITAccount.onlyEntryPointOrOwner
FNDA:0,TAGITAccount.onlyEntryPointOrOwner
DA:174,0
BRDA:174,5,0,-
DA:175,0
DA:185,276
FN:185,TAGITAccount.validateUserOp
FNDA:276,TAGITAccount.validateUserOp
DA:191,275
DA:192,275
DA:195,275
BRDA:195,6,0,9
DA:196,9
DA:197,9
DA:200,275
DA:208,275
FN:208,TAGITAccount._validateSignatureWithTracking
FNDA:275,TAGITAccount._validateSignatureWithTracking
DA:212,275
DA:213,275
DA:216,275
BRDA:216,7,0,4
DA:217,4
DA:221,271
DA:222,271
BRDA:222,8,0,269
DA:224,269
BRDA:224,9,0,-
DA:225,0
DA:226,0
DA:228,269
BRDA:228,10,0,1
DA:229,1
DA:230,1
DA:234,268
BRDA:234,11,0,268
DA:235,268
DA:236,268
DA:237,268
DA:238,268
BRDA:238,12,0,267
DA:239,267
DA:240,267
DA:243,268
BRDA:243,13,0,1
DA:244,1
DA:245,1
DA:250,267
BRDA:250,14,0,267
DA:251,267
DA:252,267
BRDA:252,15,0,264
DA:253,264
DA:254,264
BRDA:254,16,0,258
DA:255,258
DA:256,258
DA:258,6
DA:259,6
DA:263,9
DA:266,2
DA:267,2
DA:273,9
FN:273,TAGITAccount._packValidationData
FNDA:9,TAGITAccount._packValidationData
DA:274,9
DA:280,275
FN:280,TAGITAccount._payPrefund
FNDA:275,TAGITAccount._payPrefund
DA:281,275
BRDA:281,17,0,-
DA:282,0
DA:292,4
FN:292,TAGITAccount.execute
FNDA:4,TAGITAccount.execute
DA:298,2
DA:299,2
DA:310,0
FN:310,TAGITAccount.executeBatch
FNDA:0,TAGITAccount.executeBatch
DA:316,0
BRDA:316,18,0,-
DA:317,0
DA:320,0
DA:321,0
DA:322,0
DA:331,267
FN:331,TAGITAccount._extractValueFromCalldata
FNDA:267,TAGITAccount._extractValueFromCalldata
DA:332,267
BRDA:332,19,0,-
DA:334,267
DA:338,267
DA:339,267
BRDA:339,20,0,267
DA:340,267
DA:345,0
DA:346,0
BRDA:346,21,0,-
DA:348,0
DA:350,0
DA:351,0
BRDA:351,22,0,-
DA:352,0
DA:353,0
DA:354,0
DA:355,0
DA:356,0
BRDA:356,23,0,-
DA:357,0
DA:360,0
DA:364,0
DA:367,2
FN:367,TAGITAccount._call
FNDA:2,TAGITAccount._call
DA:368,2
DA:369,2
BRDA:369,24,0,-
DA:371,0
BRDA:371,25,0,-
DA:373,0
DA:376,0
DA:385,280
FN:385,TAGITAccount.addSessionKey
FNDA:280,TAGITAccount.addSessionKey
DA:386,279
BRDA:386,26,0,-
DA:387,279
BRDA:387,27,0,-
DA:388,279
BRDA:388,28,0,1
DA:391,278
DA:392,278
DA:394,278
DA:401,278
DA:403,278
DA:407,3
FN:407,TAGITAccount.revokeSessionKey
FNDA:3,TAGITAccount.revokeSessionKey
DA:410,2
DA:414,519
FN:414,TAGITAccount.isValidSessionKey
FNDA:519,TAGITAccount.isValidSessionKey
DA:415,519
DA:416,519
BRDA:416,29,0,1
DA:417,518
BRDA:417,30,0,-
DA:418,518
BRDA:418,31,0,257
DA:420,261
DA:421,261
BRDA:421,32,0,259
DA:423,2
DA:427,1
FN:427,TAGITAccount.getSessionKey
FNDA:1,TAGITAccount.getSessionKey
DA:428,1
DA:436,2
FN:436,TAGITAccount.addGuardian
FNDA:2,TAGITAccount.addGuardian
DA:437,2
BRDA:437,33,0,-
DA:438,0
BRDA:438,34,0,-
DA:439,2
BRDA:439,35,0,-
DA:440,0
DA:443,2
DA:444,2
DA:445,2
DA:446,2
DA:448,2
DA:452,0
FN:452,TAGITAccount.removeGuardian
FNDA:0,TAGITAccount.removeGuardian
DA:453,0
BRDA:453,36,0,-
DA:454,0
BRDA:454,37,0,-
DA:455,0
BRDA:455,38,0,-
DA:456,0
DA:460,0
DA:461,0
DA:462,0
BRDA:462,39,0,-
DA:463,0
DA:464,0
DA:465,0
DA:467,0
DA:470,0
DA:472,0
DA:476,1
FN:476,TAGITAccount.requestProtocolGuardianRemoval
FNDA:1,TAGITAccount.requestProtocolGuardianRemoval
DA:477,1
BRDA:477,40,0,-
DA:479,1
DA:481,1
DA:482,1
DA:486,2
FN:486,TAGITAccount.removeProtocolGuardian
FNDA:2,TAGITAccount.removeProtocolGuardian
DA:487,2
BRDA:487,41,0,-
DA:488,2
BRDA:488,42,0,-
DA:489,0
BRDA:489,43,0,-
DA:491,2
DA:492,2
BRDA:492,44,0,1
DA:493,1
DA:497,1
BRDA:497,45,0,-
BRDA:497,45,1,1
DA:499,0
DA:500,0
DA:501,0
DA:502,0
DA:504,1
DA:507,1
DA:508,1
DA:511,1
BRDA:511,46,0,-
DA:512,0
DA:515,1
DA:519,0
FN:519,TAGITAccount.cancelProtocolGuardianRemoval
FNDA:0,TAGITAccount.cancelProtocolGuardianRemoval
DA:524,4
FN:524,TAGITAccount.getGuardianConfig
FNDA:4,TAGITAccount.getGuardianConfig
DA:525,4
DA:538,1
FN:538,TAGITAccount.exportAsset
FNDA:1,TAGITAccount.exportAsset
DA:539,1
BRDA:539,47,0,-
DA:540,1
BRDA:540,48,0,-
DA:542,1
DA:543,1
DA:547,0
FN:547,TAGITAccount.exportAllAssets
FNDA:0,TAGITAccount.exportAllAssets
DA:548,0
BRDA:548,49,0,-
DA:549,0
BRDA:549,50,0,-
DA:552,0
DA:555,0
DA:559,0
FN:559,TAGITAccount.requestKeyExport
FNDA:0,TAGITAccount.requestKeyExport
DA:562,0
DA:570,2
FN:570,TAGITAccount.owner
FNDA:2,TAGITAccount.owner
DA:571,2
DA:575,2
FN:575,TAGITAccount.emailHash
FNDA:2,TAGITAccount.emailHash
DA:576,2
DA:580,2
FN:580,TAGITAccount.entryPoint
FNDA:2,TAGITAccount.entryPoint
DA:581,2
DA:585,2
FN:585,TAGITAccount.factory
FNDA:2,TAGITAccount.factory
DA:586,2
DA:590,1
FN:590,TAGITAccount.version
FNDA:1,TAGITAccount.version
DA:591,1
DA:597,1
FN:597,TAGITAccount.getNonce
FNDA:1,TAGITAccount.getNonce
DA:598,1
FNF:32
FNH:25
LF:203
LH:142
BRF:52
BRH:20
end_of_record
TN:
SF:src/account/TAGITAccountFactory.sol
DA:61,57
FN:61,TAGITAccountFactory.constructor
FNDA:57,TAGITAccountFactory.constructor
DA:62,57
DA:74,58
FN:74,TAGITAccountFactory.initialize
FNDA:58,TAGITAccountFactory.initialize
DA:82,57
BRDA:82,0,0,-
DA:83,57
BRDA:83,1,0,-
DA:84,57
BRDA:84,2,0,-
DA:85,57
BRDA:85,3,0,-
DA:87,57
DA:88,57
DA:90,57
DA:91,57
DA:92,57
DA:93,57
DA:94,57
DA:101,0
FN:101,TAGITAccountFactory.onlyGovernor
FNDA:0,TAGITAccountFactory.onlyGovernor
DA:102,0
BRDA:102,4,0,-
DA:111,19
FN:111,TAGITAccountFactory.createAccount
FNDA:19,TAGITAccountFactory.createAccount
DA:112,19
BRDA:112,5,0,-
DA:115,19
DA:116,19
DA:119,1
BRDA:119,6,0,1
DA:120,1
DA:124,18
BRDA:124,7,0,2
DA:125,16
DA:128,16
DA:131,16
DA:132,16
DA:133,16
DA:136,16
DA:144,16
DA:148,284
FN:148,TAGITAccountFactory.createAccountWithOwner
FNDA:284,TAGITAccountFactory.createAccountWithOwner
DA:153,284
BRDA:153,8,0,-
DA:154,284
BRDA:154,9,0,-
DA:157,284
DA:158,284
DA:161,0
BRDA:161,10,0,-
DA:162,0
DA:166,284
BRDA:166,11,0,2
DA:167,282
DA:170,282
DA:173,282
DA:174,282
DA:175,282
DA:178,282
DA:180,282
DA:184,4
FN:184,TAGITAccountFactory.getAddress
FNDA:4,TAGITAccountFactory.getAddress
DA:185,4
DA:186,4
DA:190,3
FN:190,TAGITAccountFactory.isAccount
FNDA:3,TAGITAccountFactory.isAccount
DA:191,3
DA:204,270
FN:204,TAGITAccountFactory.verifyEmail
FNDA:270,TAGITAccountFactory.verifyEmail
DA:205,270
BRDA:205,12,0,1
DA:206,1
DA:208,269
BRDA:208,13,0,-
DA:209,269
DA:210,269
DA:218,3
FN:218,TAGITAccountFactory.isEmailVerified
FNDA:3,TAGITAccountFactory.isEmailVerified
DA:219,3
DA:226,12
FN:226,TAGITAccountFactory.setEmailVerifier
FNDA:12,TAGITAccountFactory.setEmailVerifier
DA:227,11
DA:228,11
DA:229,11
DA:235,1
FN:235,TAGITAccountFactory.emailVerifier
FNDA:1,TAGITAccountFactory.emailVerifier
DA:236,1
DA:244,0
FN:244,TAGITAccountFactory.setImplementation
FNDA:0,TAGITAccountFactory.setImplementation
DA:245,0
BRDA:245,14,0,-
DA:247,0
DA:248,0
DA:250,0
DA:254,0
FN:254,TAGITAccountFactory.setProtocolGuardian
FNDA:0,TAGITAccountFactory.setProtocolGuardian
DA:255,0
DA:256,0
DA:258,0
DA:265,0
FN:265,TAGITAccountFactory.setTagitCore
FNDA:0,TAGITAccountFactory.setTagitCore
DA:266,0
DA:273,0
FN:273,TAGITAccountFactory.setGovernor
FNDA:0,TAGITAccountFactory.setGovernor
DA:274,0
BRDA:274,15,0,-
DA:275,0
DA:276,0
DA:277,0
DA:285,1
FN:285,TAGITAccountFactory.accountImplementation
FNDA:1,TAGITAccountFactory.accountImplementation
DA:286,1
DA:290,1
FN:290,TAGITAccountFactory.protocolGuardian
FNDA:1,TAGITAccountFactory.protocolGuardian
DA:291,1
DA:295,1
FN:295,TAGITAccountFactory.entryPoint
FNDA:1,TAGITAccountFactory.entryPoint
DA:296,1
DA:300,1
FN:300,TAGITAccountFactory.tagitCore
FNDA:1,TAGITAccountFactory.tagitCore
DA:301,1
DA:305,3
FN:305,TAGITAccountFactory.totalAccounts
FNDA:3,TAGITAccountFactory.totalAccounts
DA:306,3
DA:312,0
FN:312,TAGITAccountFactory.governor
FNDA:0,TAGITAccountFactory.governor
DA:313,0
DA:321,0
FN:321,TAGITAccountFactory.getAccountByEmail
FNDA:0,TAGITAccountFactory.getAccountByEmail
DA:322,0
DA:326,2
FN:326,TAGITAccountFactory.version
FNDA:2,TAGITAccountFactory.version
DA:327,2
DA:334,0
FN:334,TAGITAccountFactory._authorizeUpgrade
FNDA:0,TAGITAccountFactory._authorizeUpgrade
FNF:24
FNH:16
LF:97
LH:72
BRF:16
BRH:4
end_of_record
TN:
SF:src/account/TAGITPaymaster.sol
DA:93,127
FN:93,TAGITPaymaster.constructor
FNDA:127,TAGITPaymaster.constructor
DA:94,127
DA:103,129
FN:103,TAGITPaymaster.initialize
FNDA:129,TAGITPaymaster.initialize
DA:104,127
BRDA:104,0,0,1
DA:105,126
BRDA:105,1,0,1
DA:106,125
BRDA:106,2,0,1
DA:108,124
DA:109,124
DA:111,124
DA:112,124
DA:116,124
DA:118,124
DA:125,3273
FN:125,TAGITPaymaster.onlyEntryPoint
FNDA:3273,TAGITPaymaster.onlyEntryPoint
DA:126,3273
BRDA:126,3,0,1
DA:127,1
DA:132,21
FN:132,TAGITPaymaster.onlyGovernor
FNDA:21,TAGITPaymaster.onlyGovernor
DA:133,21
BRDA:133,4,0,-
DA:134,0
DA:139,0
FN:139,TAGITPaymaster.whenNotPaused
FNDA:0,TAGITPaymaster.whenNotPaused
DA:140,0
BRDA:140,5,0,-
DA:149,3273
FN:149,TAGITPaymaster.validatePaymasterUserOp
FNDA:3273,TAGITPaymaster.validatePaymasterUserOp
DA:155,3272
DA:158,3272
FN:158,TAGITPaymaster._validatePaymasterUserOp
FNDA:3272,TAGITPaymaster._validatePaymasterUserOp
DA:171,2
BRDA:171,6,0,2
DA:174,3270
BRDA:174,7,0,-
DA:175,0
DA:176,0
DA:180,3270
BRDA:180,8,0,1
DA:181,1
DA:185,3269
DA:188,3269
DA:191,3269
DA:193,3269
BRDA:193,9,0,-
DA:200,0
BRDA:200,10,0,-
DA:202,0
DA:207,3269
DA:208,3269
BRDA:208,11,0,1
DA:209,1
DA:213,3268
BRDA:213,12,0,-
DA:214,0
DA:218,3268
DA:219,3268
DA:220,3268
DA:222,3268
BRDA:222,13,0,257
DA:223,257
DA:227,3011
DA:228,3011
BRDA:228,14,0,1
DA:229,1
DA:233,3010
DA:236,3010
DA:237,3010
BRDA:237,15,0,-
DA:238,0
DA:242,3010
DA:243,3010
DA:247,20
FN:247,TAGITPaymaster.postOp
FNDA:20,TAGITPaymaster.postOp
DA:257,18
DA:260,18
DA:266,18
DA:267,18
BRDA:267,16,0,3
DA:268,3
DA:269,3
DA:272,18
DA:275,18
BRDA:275,17,0,2
DA:276,2
DA:277,2
BRDA:277,18,0,1
DA:278,1
DA:279,1
DA:283,18
DA:292,458
FN:292,TAGITPaymaster.setSponsorshipConfig
FNDA:458,TAGITPaymaster.setSponsorshipConfig
DA:293,458
DA:294,458
DA:298,3
FN:298,TAGITPaymaster.batchSetSponsorshipConfig
FNDA:3,TAGITPaymaster.batchSetSponsorshipConfig
DA:303,2
BRDA:303,19,0,1
DA:305,1
DA:306,2
DA:307,2
DA:312,9
FN:312,TAGITPaymaster.isSponsoredOperation
FNDA:9,TAGITPaymaster.isSponsoredOperation
DA:313,9
DA:317,8
FN:317,TAGITPaymaster.getSponsorshipConfig
FNDA:8,TAGITPaymaster.getSponsorshipConfig
DA:318,8
DA:326,273
FN:326,TAGITPaymaster.depositForBrand
FNDA:273,TAGITPaymaster.depositForBrand
DA:327,273
BRDA:327,20,0,1
DA:330,272
DA:331,272
BRDA:331,21,0,3
DA:333,269
DA:336,269
DA:339,269
DA:341,269
DA:353,516
FN:353,TAGITPaymaster.withdrawBrandDeposit
FNDA:516,TAGITPaymaster.withdrawBrandDeposit
DA:355,516
BRDA:355,22,0,514
DA:357,2
DA:358,2
BRDA:358,23,0,-
DA:359,0
DA:362,2
DA:365,2
DA:367,2
DA:371,4
FN:371,TAGITPaymaster.setBrandActive
FNDA:4,TAGITPaymaster.setBrandActive
DA:372,3
DA:373,3
DA:377,6
FN:377,TAGITPaymaster.getBrandDeposit
FNDA:6,TAGITPaymaster.getBrandDeposit
DA:378,6
DA:386,4
FN:386,TAGITPaymaster.getUserDailyUsage
FNDA:4,TAGITPaymaster.getUserDailyUsage
DA:387,4
DA:388,4
DA:392,8
FN:392,TAGITPaymaster.canSponsor
FNDA:8,TAGITPaymaster.canSponsor
DA:393,8
DA:394,8
BRDA:394,24,0,1
DA:395,7
BRDA:395,25,0,-
DA:397,7
DA:398,7
DA:406,115
FN:406,TAGITPaymaster.depositProtocol
FNDA:115,TAGITPaymaster.depositProtocol
DA:407,115
BRDA:407,26,0,1
DA:409,114
DA:410,114
DA:413,114
DA:415,114
DA:419,4
FN:419,TAGITPaymaster.withdrawProtocol
FNDA:4,TAGITPaymaster.withdrawProtocol
DA:420,2
BRDA:420,27,0,-
DA:421,2
BRDA:421,28,0,1
DA:422,1
DA:425,1
DA:426,1
DA:428,1
DA:439,21
FN:439,TAGITPaymaster.addStake
FNDA:21,TAGITPaymaster.addStake
DA:440,21
DA:446,0
FN:446,TAGITPaymaster.unlockStake
FNDA:0,TAGITPaymaster.unlockStake
DA:447,0
DA:454,0
FN:454,TAGITPaymaster.withdrawStake
FNDA:0,TAGITPaymaster.withdrawStake
DA:455,0
DA:463,1
FN:463,TAGITPaymaster.entryPoint
FNDA:1,TAGITPaymaster.entryPoint
DA:464,1
DA:468,1
FN:468,TAGITPaymaster.governor
FNDA:1,TAGITPaymaster.governor
DA:469,1
DA:473,4
FN:473,TAGITPaymaster.getProtocolDeposit
FNDA:4,TAGITPaymaster.getProtocolDeposit
DA:474,4
DA:478,1
FN:478,TAGITPaymaster.totalGasSponsored
FNDA:1,TAGITPaymaster.totalGasSponsored
DA:479,1
DA:485,2
FN:485,TAGITPaymaster.getDeposit
FNDA:2,TAGITPaymaster.getDeposit
DA:486,2
DA:490,3
FN:490,TAGITPaymaster.version
FNDA:3,TAGITPaymaster.version
DA:491,3
DA:504,82
FN:504,TAGITPaymaster.registerBrand
FNDA:82,TAGITPaymaster.registerBrand
DA:505,81
BRDA:505,29,0,-
DA:506,81
BRDA:506,30,0,1
DA:508,80
DA:509,80
DA:510,80
DA:512,80
DA:524,2
FN:524,TAGITPaymaster.transferBrandOwnership
FNDA:2,TAGITPaymaster.transferBrandOwnership
DA:525,2
BRDA:525,31,0,1
DA:526,1
BRDA:526,32,0,-
DA:527,1
DA:528,1
DA:535,2
FN:535,TAGITPaymaster.acceptBrandOwnership
FNDA:2,TAGITPaymaster.acceptBrandOwnership
DA:536,2
BRDA:536,33,0,1
DA:537,1
DA:539,1
DA:547,2
FN:547,TAGITPaymaster.brandOwner
FNDA:2,TAGITPaymaster.brandOwner
DA:548,2
DA:559,3
FN:559,TAGITPaymaster.setGovernor
FNDA:3,TAGITPaymaster.setGovernor
DA:560,2
BRDA:560,34,0,1
DA:561,1
DA:562,1
DA:563,1
DA:574,12
FN:574,TAGITPaymaster.pause
FNDA:12,TAGITPaymaster.pause
DA:575,10
DA:576,10
DA:583,5
FN:583,TAGITPaymaster.unpause
FNDA:5,TAGITPaymaster.unpause
DA:584,4
DA:585,4
DA:592,2
FN:592,TAGITPaymaster.resetCircuitBreaker
FNDA:2,TAGITPaymaster.resetCircuitBreaker
DA:593,1
DA:600,2
FN:600,TAGITPaymaster.updateDrainBalance
FNDA:2,TAGITPaymaster.updateDrainBalance
DA:601,1
DA:608,2
FN:608,TAGITPaymaster.syncDrainBalance
FNDA:2,TAGITPaymaster.syncDrainBalance
DA:609,1
DA:611,1
DA:612,1
DA:618,10
FN:618,TAGITPaymaster.paused
FNDA:10,TAGITPaymaster.paused
DA:619,10
DA:625,5
FN:625,TAGITPaymaster.getCircuitBreakerState
FNDA:5,TAGITPaymaster.getCircuitBreakerState
DA:630,5
DA:637,6
FN:637,TAGITPaymaster.getDrainDetectorState
FNDA:6,TAGITPaymaster.getDrainDetectorState
DA:649,6
DA:663,0
FN:663,TAGITPaymaster._authorizeUpgrade
FNDA:0,TAGITPaymaster._authorizeUpgrade
FNF:43
FNH:39
LF:185
LH:170
BRF:35
BRH:23
end_of_record
TN:
SF:src/agent/IntegrationFactory.sol
DA:100,92
FN:100,IntegrationFactory.constructor
FNDA:92,IntegrationFactory.constructor
DA:103,91
BRDA:103,0,0,1
DA:104,90
BRDA:104,1,0,-
DA:105,90
BRDA:105,2,0,1
DA:106,89
BRDA:106,3,0,2
DA:107,2
DA:110,87
DA:111,87
DA:112,87
DA:113,87
DA:115,87
DA:116,259
BRDA:116,4,0,1
DA:117,1
BRDA:117,5,0,1
DA:118,257
DA:119,257
DA:128,526
FN:128,IntegrationFactory.onlyAuthorizedIntegrator
FNDA:526,IntegrationFactory.onlyAuthorizedIntegrator
DA:129,526
BRDA:129,6,0,2
DA:130,2
DA:140,2110
FN:140,IntegrationFactory.deployIntegration
FNDA:2110,IntegrationFactory.deployIntegration
DA:148,2108
BRDA:148,7,0,1
DA:149,2107
BRDA:149,8,0,1
DA:150,2106
BRDA:150,9,0,1
DA:151,2105
BRDA:151,10,0,1
DA:152,2104
BRDA:152,11,0,1
DA:155,2103
DA:157,2103
DA:167,2103
DA:168,2103
DA:170,2103
DA:174,527
FN:174,IntegrationFactory.processPayment
FNDA:527,IntegrationFactory.processPayment
DA:181,524
BRDA:181,12,0,1
DA:182,523
BRDA:182,13,0,1
DA:184,522
DA:185,522
BRDA:185,14,0,1
DA:187,521
DA:188,521
DA:189,521
DA:195,521
DA:198,521
BRDA:198,15,0,489
DA:199,489
DA:200,489
DA:204,521
BRDA:204,16,0,520
DA:205,520
DA:208,521
DA:212,25
FN:212,IntegrationFactory.deactivateIntegration
FNDA:25,IntegrationFactory.deactivateIntegration
DA:213,24
DA:214,24
BRDA:214,17,0,-
DA:215,24
BRDA:215,18,0,1
DA:216,1
DA:220,23
DA:222,23
DA:223,23
DA:227,10
FN:227,IntegrationFactory.executeDeactivation
FNDA:10,IntegrationFactory.executeDeactivation
DA:228,10
DA:229,10
BRDA:229,19,0,-
DA:230,10
BRDA:230,20,0,1
DA:231,1
DA:234,9
DA:235,9
BRDA:235,21,0,1
DA:236,1
DA:240,8
DA:241,8
DA:243,8
DA:247,9
FN:247,IntegrationFactory.reactivateIntegration
FNDA:9,IntegrationFactory.reactivateIntegration
DA:248,9
DA:249,5
DA:251,5
DA:252,5
BRDA:252,22,0,-
DA:253,5
BRDA:253,23,0,-
DA:254,0
DA:258,5
DA:260,5
DA:268,3
FN:268,IntegrationFactory.setMaxPayment
FNDA:3,IntegrationFactory.setMaxPayment
DA:269,3
BRDA:269,24,0,1
DA:271,2
DA:272,2
DA:274,2
DA:275,2
DA:277,2
DA:281,4
FN:281,IntegrationFactory.addSigner
FNDA:4,IntegrationFactory.addSigner
DA:282,4
BRDA:282,25,0,1
DA:283,1
BRDA:283,26,0,1
DA:285,2
DA:286,2
DA:288,2
DA:289,2
DA:291,2
DA:295,3
FN:295,IntegrationFactory.removeSigner
FNDA:3,IntegrationFactory.removeSigner
DA:296,3
BRDA:296,27,0,1
DA:297,2
BRDA:297,28,0,1
DA:299,1
DA:300,1
DA:302,1
DA:305,1
DA:306,3
BRDA:306,29,0,1
DA:307,1
DA:308,1
DA:309,1
DA:313,1
DA:320,4
FN:320,IntegrationFactory.emergencyPause
FNDA:4,IntegrationFactory.emergencyPause
DA:321,4
DA:322,4
DA:324,4
DA:331,1
FN:331,IntegrationFactory.emergencyUnpause
FNDA:1,IntegrationFactory.emergencyUnpause
DA:332,1
DA:333,1
DA:335,1
DA:343,338
FN:343,IntegrationFactory.grantIntegrator
FNDA:338,IntegrationFactory.grantIntegrator
DA:344,337
BRDA:344,30,0,-
DA:345,337
DA:346,337
DA:350,4
FN:350,IntegrationFactory.revokeIntegrator
FNDA:4,IntegrationFactory.revokeIntegrator
DA:351,3
BRDA:351,31,0,-
DA:352,3
DA:353,3
DA:357,4
FN:357,IntegrationFactory.isAuthorizedIntegrator
FNDA:4,IntegrationFactory.isAuthorizedIntegrator
DA:358,4
DA:366,5
FN:366,IntegrationFactory.getIntegration
FNDA:5,IntegrationFactory.getIntegration
DA:367,5
DA:371,1
FN:371,IntegrationFactory.getIntegrationByAgent
FNDA:1,IntegrationFactory.getIntegrationByAgent
DA:372,1
DA:376,7
FN:376,IntegrationFactory.getIntegrationStatus
FNDA:7,IntegrationFactory.getIntegrationStatus
DA:377,7
DA:379,7
BRDA:379,32,0,2
DA:380,2
DA:382,5
BRDA:382,33,0,2
DA:383,2
DA:385,3
DA:389,3
FN:389,IntegrationFactory.isIntegrationActive
FNDA:3,IntegrationFactory.isIntegrationActive
DA:390,3
DA:394,258
FN:394,IntegrationFactory.totalIntegrations
FNDA:258,IntegrationFactory.totalIntegrations
DA:395,258
DA:399,261
FN:399,IntegrationFactory.activeIntegrations
FNDA:261,IntegrationFactory.activeIntegrations
DA:400,261
DA:404,517
FN:404,IntegrationFactory.maxPaymentPerTx
FNDA:517,IntegrationFactory.maxPaymentPerTx
DA:405,517
DA:409,3
FN:409,IntegrationFactory.getSigners
FNDA:3,IntegrationFactory.getSigners
DA:410,3
DA:414,1
FN:414,IntegrationFactory.requiredSignatures
FNDA:1,IntegrationFactory.requiredSignatures
DA:415,1
DA:419,25
FN:419,IntegrationFactory.nonce
FNDA:25,IntegrationFactory.nonce
DA:420,25
DA:424,1
FN:424,IntegrationFactory.version
FNDA:1,IntegrationFactory.version
DA:425,1
DA:438,19
FN:438,IntegrationFactory._verifyMultiSig
FNDA:19,IntegrationFactory._verifyMultiSig
DA:439,19
BRDA:439,34,0,1
DA:440,1
DA:443,18
DA:444,18
DA:447,18
DA:449,18
DA:450,35
DA:452,35
BRDA:452,35,0,2
DA:455,33
DA:456,16
BRDA:456,36,0,1
DA:459,32
DA:460,32
DA:463,15
BRDA:463,37,0,-
DA:464,0
FNF:27
FNH:27
LF:159
LH:157
BRF:38
BRH:30
end_of_record
TN:
SF:src/agent/TAGITAgentIdentity.sol
DA:195,98
FN:195,TAGITAgentIdentity.constructor
FNDA:98,TAGITAgentIdentity.constructor
DA:196,98
DA:209,97
FN:209,TAGITAgentIdentity.setAccessController
FNDA:97,TAGITAgentIdentity.setAccessController
DA:210,97
DA:211,97
DA:212,97
DA:221,2
FN:221,TAGITAgentIdentity.setRegistrationFee
FNDA:2,TAGITAgentIdentity.setRegistrationFee
DA:222,2
DA:223,2
DA:224,2
DA:231,865
FN:231,TAGITAgentIdentity.requiresKYC
FNDA:865,TAGITAgentIdentity.requiresKYC
DA:233,865
BRDA:233,0,0,1
DA:236,864
BRDA:236,1,0,2
DA:237,2
DA:241,862
BRDA:241,2,0,2
DA:242,2
DA:251,3
FN:251,TAGITAgentIdentity.onlyRegistrant
FNDA:3,TAGITAgentIdentity.onlyRegistrant
DA:252,3
DA:253,3
BRDA:253,3,0,-
DA:254,3
BRDA:254,4,0,1
DA:274,867
FN:274,TAGITAgentIdentity.register
FNDA:867,TAGITAgentIdentity.register
DA:285,860
BRDA:285,5,0,1
DA:286,859
BRDA:286,6,0,8
DA:287,851
BRDA:287,7,0,2
DA:288,849
BRDA:288,8,0,-
DA:289,0
DA:295,849
DA:296,849
DA:298,849
DA:301,849
DA:302,849
DA:303,849
DA:306,849
DA:307,849
DA:312,849
DA:313,849
DA:325,3
FN:325,TAGITAgentIdentity.setAgentURI
FNDA:3,TAGITAgentIdentity.setAgentURI
DA:334,2
BRDA:334,9,0,1
DA:335,1
BRDA:335,10,0,-
DA:336,0
DA:342,1
DA:347,1
DA:360,8
FN:360,TAGITAgentIdentity.setMetadata
FNDA:8,TAGITAgentIdentity.setMetadata
DA:369,8
BRDA:369,11,0,1
DA:370,7
BRDA:370,12,0,-
DA:371,0
DA:377,7
DA:382,7
DA:396,2
FN:396,TAGITAgentIdentity.setAgentWallet
FNDA:2,TAGITAgentIdentity.setAgentWallet
DA:405,2
BRDA:405,13,0,-
DA:406,2
BRDA:406,14,0,-
DA:407,2
BRDA:407,15,0,-
DA:408,0
DA:412,2
DA:413,2
DA:414,2
DA:415,2
DA:416,2
BRDA:416,16,0,1
DA:421,1
DA:423,1
DA:424,1
DA:425,1
DA:430,1
DA:440,6
FN:440,TAGITAgentIdentity.suspendAgent
FNDA:6,TAGITAgentIdentity.suspendAgent
DA:444,6
BRDA:444,17,0,-
DA:445,6
DA:446,6
BRDA:446,18,0,1
DA:447,1
DA:449,5
BRDA:449,19,0,-
DA:450,0
DA:456,5
DA:457,5
DA:462,5
DA:472,1
FN:472,TAGITAgentIdentity.reactivateAgent
FNDA:1,TAGITAgentIdentity.reactivateAgent
DA:476,1
BRDA:476,20,0,-
DA:477,1
BRDA:477,21,0,-
DA:478,0
DA:484,1
DA:485,1
DA:490,1
DA:500,3
FN:500,TAGITAgentIdentity.decommissionAgent
FNDA:3,TAGITAgentIdentity.decommissionAgent
DA:504,2
DA:505,2
BRDA:505,22,0,-
DA:506,0
DA:512,2
DA:513,2
DA:516,2
DA:522,2
DA:530,2
FN:530,TAGITAgentIdentity.pause
FNDA:2,TAGITAgentIdentity.pause
DA:531,2
DA:535,1
FN:535,TAGITAgentIdentity.unpause
FNDA:1,TAGITAgentIdentity.unpause
DA:536,1
DA:551,674
FN:551,TAGITAgentIdentity.getAgent
FNDA:674,TAGITAgentIdentity.getAgent
DA:556,674
DA:557,674
DA:565,3
FN:565,TAGITAgentIdentity.getAgentStatus
FNDA:3,TAGITAgentIdentity.getAgentStatus
DA:566,3
DA:575,5
FN:575,TAGITAgentIdentity.getMetadata
FNDA:5,TAGITAgentIdentity.getMetadata
DA:576,5
DA:584,4
FN:584,TAGITAgentIdentity.getAgentByWallet
FNDA:4,TAGITAgentIdentity.getAgentByWallet
DA:585,4
DA:593,1
FN:593,TAGITAgentIdentity.getAgentsByRegistrant
FNDA:1,TAGITAgentIdentity.getAgentsByRegistrant
DA:594,1
DA:601,2
FN:601,TAGITAgentIdentity.totalAgents
FNDA:2,TAGITAgentIdentity.totalAgents
DA:602,2
DA:610,582
FN:610,TAGITAgentIdentity.isActiveAgent
FNDA:582,TAGITAgentIdentity.isActiveAgent
DA:611,582
DA:619,1
FN:619,TAGITAgentIdentity.walletNonce
FNDA:1,TAGITAgentIdentity.walletNonce
DA:620,1
DA:633,1
FN:633,TAGITAgentIdentity.withdrawFees
FNDA:1,TAGITAgentIdentity.withdrawFees
DA:634,1
BRDA:634,23,0,-
DA:635,1
DA:636,1
DA:637,1
BRDA:637,24,0,-
BRDA:637,24,1,1
DA:648,853
FN:648,TAGITAgentIdentity._update
FNDA:853,TAGITAgentIdentity._update
DA:649,853
DA:651,853
BRDA:651,25,0,4
DA:652,4
DA:654,849
DA:661,251
FN:661,TAGITAgentIdentity.tokenURI
FNDA:251,TAGITAgentIdentity.tokenURI
DA:662,251
DA:665,0
FN:665,TAGITAgentIdentity.supportsInterface
FNDA:0,TAGITAgentIdentity.supportsInterface
DA:666,0
FNF:26
FNH:25
LF:123
LH:114
BRF:27
BRH:13
end_of_record
TN:
SF:src/agent/TAGITAgentReputation.sol
DA:176,48
FN:176,TAGITAgentReputation.constructor
FNDA:48,TAGITAgentReputation.constructor
DA:177,48
DA:190,48
FN:190,TAGITAgentReputation.setAccessController
FNDA:48,TAGITAgentReputation.setAccessController
DA:191,48
DA:192,48
DA:193,48
DA:202,48
FN:202,TAGITAgentReputation.setIdentityRegistry
FNDA:48,TAGITAgentReputation.setIdentityRegistry
DA:203,48
DA:204,48
DA:205,48
DA:209,1
FN:209,TAGITAgentReputation.pause
FNDA:1,TAGITAgentReputation.pause
DA:210,1
DA:214,1
FN:214,TAGITAgentReputation.unpause
FNDA:1,TAGITAgentReputation.unpause
DA:215,1
DA:225,297
FN:225,TAGITAgentReputation.requiresKYC
FNDA:297,TAGITAgentReputation.requiresKYC
DA:226,297
BRDA:226,0,0,-
DA:227,297
BRDA:227,1,0,2
DA:228,2
DA:236,295
FN:236,TAGITAgentReputation.requiresActiveAgent
FNDA:295,TAGITAgentReputation.requiresActiveAgent
DA:237,295
BRDA:237,2,0,-
DA:238,295
DA:239,295
BRDA:239,3,0,-
DA:240,295
BRDA:240,4,0,2
DA:260,297
FN:260,TAGITAgentReputation.giveFeedback
FNDA:297,TAGITAgentReputation.giveFeedback
DA:271,293
BRDA:271,5,0,203
DA:272,90
BRDA:272,6,0,1
DA:275,89
DA:276,89
BRDA:276,7,0,4
DA:277,4
DA:281,85
BRDA:281,8,0,3
DA:282,3
DA:283,3
BRDA:283,9,0,2
DA:284,2
DA:291,83
DA:293,83
DA:303,83
DA:304,83
DA:309,83
DA:319,6
FN:319,TAGITAgentReputation.revokeFeedback
FNDA:6,TAGITAgentReputation.revokeFeedback
DA:323,6
DA:324,6
BRDA:324,10,0,-
DA:325,6
BRDA:325,11,0,1
DA:326,1
BRDA:326,12,0,1
DA:331,4
DA:336,4
DA:348,5
FN:348,TAGITAgentReputation.appendResponse
FNDA:5,TAGITAgentReputation.appendResponse
DA:352,5
DA:353,5
BRDA:353,13,0,-
DA:354,5
BRDA:354,14,0,-
DA:355,5
BRDA:355,15,0,1
DA:358,4
BRDA:358,16,0,-
DA:359,4
DA:360,4
BRDA:360,17,0,1
DA:365,3
DA:370,3
DA:382,58
FN:382,TAGITAgentReputation.getFeedback
FNDA:58,TAGITAgentReputation.getFeedback
DA:383,58
DA:391,1
FN:391,TAGITAgentReputation.getAgentFeedbackIds
FNDA:1,TAGITAgentReputation.getAgentFeedbackIds
DA:392,1
DA:400,1
FN:400,TAGITAgentReputation.readAllFeedback
FNDA:1,TAGITAgentReputation.readAllFeedback
DA:401,1
DA:402,1
DA:403,1
DA:404,2
DA:406,1
DA:417,6
FN:417,TAGITAgentReputation.getSummary
FNDA:6,TAGITAgentReputation.getSummary
DA:418,6
DA:420,6
DA:421,6
DA:422,6
DA:423,6
DA:424,6
DA:426,6
DA:427,9
DA:429,1
BRDA:429,18,0,1
DA:431,8
DA:432,8
DA:435,8
DA:438,8
DA:439,8
DA:440,8
DA:442,8
BRDA:442,19,0,6
DA:443,6
DA:447,6
DA:448,6
DA:449,6
DA:451,6
BRDA:451,20,0,5
DA:453,5
DA:457,5
DA:467,0
FN:467,TAGITAgentReputation.getReviewerFeedback
FNDA:0,TAGITAgentReputation.getReviewerFeedback
DA:468,0
FNF:15
FNH:14
LF:91
LH:89
BRF:21
BRH:14
end_of_record
TN:
SF:src/agent/TAGITAgentValidation.sol
DA:225,47
FN:225,TAGITAgentValidation.constructor
FNDA:47,TAGITAgentValidation.constructor
DA:226,47
DA:239,47
FN:239,TAGITAgentValidation.setAccessController
FNDA:47,TAGITAgentValidation.setAccessController
DA:240,47
DA:241,47
DA:242,47
DA:251,47
FN:251,TAGITAgentValidation.setIdentityRegistry
FNDA:47,TAGITAgentValidation.setIdentityRegistry
DA:252,47
DA:253,47
DA:254,47
DA:258,3
FN:258,TAGITAgentValidation.pause
FNDA:3,TAGITAgentValidation.pause
DA:259,3
DA:263,1
FN:263,TAGITAgentValidation.unpause
FNDA:1,TAGITAgentValidation.unpause
DA:264,1
DA:281,287
FN:281,TAGITAgentValidation.validationRequest
FNDA:287,TAGITAgentValidation.validationRequest
DA:290,286
BRDA:290,0,0,-
DA:291,286
BRDA:291,1,0,2
DA:292,2
DA:294,284
BRDA:294,2,0,-
DA:296,284
DA:297,284
BRDA:297,3,0,1
DA:298,283
BRDA:298,4,0,1
DA:303,282
DA:305,282
DA:307,282
DA:317,282
DA:318,282
DA:323,282
DA:337,290
FN:337,TAGITAgentValidation.validationResponse
FNDA:290,TAGITAgentValidation.validationResponse
DA:345,289
BRDA:345,5,0,-
DA:346,289
BRDA:346,6,0,2
DA:347,2
DA:350,287
DA:351,287
BRDA:351,7,0,1
DA:352,286
BRDA:352,8,0,-
DA:353,0
DA:355,286
BRDA:355,9,0,2
DA:356,284
BRDA:356,10,0,65
DA:357,219
BRDA:357,11,0,-
DA:358,0
DA:360,2
BRDA:360,12,0,2
DA:365,217
DA:371,217
DA:372,217
DA:374,217
BRDA:374,13,0,208
DA:375,208
DA:379,217
DA:380,217
DA:385,217
DA:388,217
BRDA:388,14,0,204
DA:389,204
DA:397,204
FN:397,TAGITAgentValidation._finalize
FNDA:204,TAGITAgentValidation._finalize
DA:398,204
DA:399,204
DA:402,204
DA:403,204
DA:404,212
DA:406,204
DA:408,204
DA:411,204
DA:414,204
DA:415,204
DA:417,32
BRDA:417,15,0,32
BRDA:417,15,1,172
DA:418,32
DA:419,32
DA:420,32
DA:422,172
DA:423,172
DA:427,204
DA:428,212
DA:429,211
BRDA:429,16,0,211
DA:430,211
DA:434,204
DA:446,7
FN:446,TAGITAgentValidation.getRequest
FNDA:7,TAGITAgentValidation.getRequest
DA:447,7
DA:455,1
FN:455,TAGITAgentValidation.getResponses
FNDA:1,TAGITAgentValidation.getResponses
DA:456,1
DA:464,4
FN:464,TAGITAgentValidation.getSummary
FNDA:4,TAGITAgentValidation.getSummary
DA:465,4
DA:475,197
FN:475,TAGITAgentValidation.getValidationStatus
FNDA:197,TAGITAgentValidation.getValidationStatus
DA:480,197
DA:481,197
DA:489,1
FN:489,TAGITAgentValidation.getAgentRequests
FNDA:1,TAGITAgentValidation.getAgentRequests
DA:490,1
DA:498,4
FN:498,TAGITAgentValidation.getValidatorStats
FNDA:4,TAGITAgentValidation.getValidatorStats
DA:499,4
DA:508,3
FN:508,TAGITAgentValidation.hasValidatorResponded
FNDA:3,TAGITAgentValidation.hasValidatorResponded
DA:509,3
FNF:15
FNH:15
LF:88
LH:86
BRF:18
BRH:13
end_of_record
TN:
SF:src/bridge/CCIPAdapter.sol
DA:121,82
FN:121,CCIPAdapter.constructor
FNDA:82,CCIPAdapter.constructor
DA:122,82
DA:132,83
FN:132,CCIPAdapter.initialize
FNDA:83,CCIPAdapter.initialize
DA:136,82
BRDA:136,0,0,1
DA:137,81
BRDA:137,1,0,-
DA:138,81
BRDA:138,2,0,-
DA:139,81
BRDA:139,3,0,-
DA:141,81
DA:142,81
DA:144,81
DA:145,81
DA:146,81
DA:147,81
DA:152,81
DA:159,13
FN:159,CCIPAdapter.onlyRouter
FNDA:13,CCIPAdapter.onlyRouter
DA:160,13
BRDA:160,4,0,1
DA:161,1
DA:166,54
FN:166,CCIPAdapter.onlyGovernor
FNDA:54,CCIPAdapter.onlyGovernor
DA:167,54
BRDA:167,5,0,-
DA:168,0
DA:173,1
FN:173,CCIPAdapter.whenNotPaused
FNDA:1,CCIPAdapter.whenNotPaused
DA:174,0
BRDA:174,6,0,-
DA:175,0
DA:185,6
FN:185,CCIPAdapter.supportsInterface
FNDA:6,CCIPAdapter.supportsInterface
DA:186,6
DA:194,13
FN:194,CCIPAdapter.ccipReceive
FNDA:13,CCIPAdapter.ccipReceive
DA:202,11
DA:203,11
DA:204,11
BRDA:204,7,0,1
DA:205,1
DA:209,10
DA:210,10
BRDA:210,8,0,1
DA:211,1
DA:215,9
DA:219,9
DA:231,8
DA:232,1
BRDA:232,9,0,1
DA:233,1
DA:235,7
DA:237,7
DA:240,7
BRDA:240,10,0,7
BRDA:240,10,1,-
DA:242,7
DA:245,0
DA:252,7
FN:252,CCIPAdapter._processRequest
FNDA:7,CCIPAdapter._processRequest
DA:253,7
DA:256,7
DA:261,7
DA:264,7
DA:269,7
DA:271,7
DA:277,0
FN:277,CCIPAdapter._processResponse
FNDA:0,CCIPAdapter._processResponse
DA:278,0
DA:279,0
DA:282,0
DA:287,0
DA:289,0
DA:295,7
FN:295,CCIPAdapter._getAssetData
FNDA:7,CCIPAdapter._getAssetData
DA:302,7
DA:304,7
BRDA:304,11,0,6
BRDA:304,11,1,1
DA:306,6
DA:308,6
DA:309,6
DA:310,6
DA:312,1
DA:313,1
DA:314,1
DA:315,1
DA:322,7
FN:322,CCIPAdapter._sendResponse
FNDA:7,CCIPAdapter._sendResponse
DA:323,7
DA:326,7
DA:333,7
DA:344,7
DA:347,7
BRDA:347,12,0,7
DA:348,7
DA:358,310
FN:358,CCIPAdapter.requestVerification
FNDA:310,CCIPAdapter.requestVerification
DA:366,308
DA:370,1
FN:370,CCIPAdapter.requestStatus
FNDA:1,CCIPAdapter.requestStatus
DA:378,1
DA:382,1
FN:382,CCIPAdapter.requestData
FNDA:1,CCIPAdapter.requestData
DA:390,1
DA:396,310
FN:396,CCIPAdapter._sendRequest
FNDA:310,CCIPAdapter._sendRequest
DA:398,310
DA:399,310
BRDA:399,13,0,1
DA:400,1
DA:404,309
DA:405,309
DA:406,309
BRDA:406,14,0,2
DA:407,2
DA:409,307
DA:412,307
DA:416,307
DA:425,307
DA:428,307
DA:435,307
DA:446,307
DA:447,307
BRDA:447,15,0,-
DA:448,0
DA:452,307
DA:455,307
BRDA:455,16,0,307
DA:456,307
DA:460,307
DA:468,59
FN:468,CCIPAdapter.scheduleChainAddition
FNDA:59,CCIPAdapter.scheduleChainAddition
DA:469,58
BRDA:469,17,0,-
DA:470,0
BRDA:470,18,0,-
DA:471,0
DA:474,58
DA:475,58
DA:477,58
DA:480,58
DA:484,54
FN:484,CCIPAdapter.executeChainAddition
FNDA:54,CCIPAdapter.executeChainAddition
DA:485,54
DA:486,54
BRDA:486,19,0,-
DA:487,0
DA:489,0
BRDA:489,20,0,-
DA:490,0
DA:493,54
DA:494,54
BRDA:494,21,0,2
DA:495,2
DA:499,52
DA:500,52
DA:502,52
DA:506,2
FN:506,CCIPAdapter.cancelChainAddition
FNDA:2,CCIPAdapter.cancelChainAddition
DA:507,2
DA:508,2
BRDA:508,22,0,-
DA:509,0
DA:515,2
FN:515,CCIPAdapter.removeChain
FNDA:2,CCIPAdapter.removeChain
DA:516,2
BRDA:516,23,0,-
DA:517,0
DA:520,2
DA:524,2
FN:524,CCIPAdapter.updateChainGasLimit
FNDA:2,CCIPAdapter.updateChainGasLimit
DA:525,2
DA:526,2
BRDA:526,24,0,-
DA:527,0
DA:529,2
DA:530,2
DA:531,2
DA:539,3
FN:539,CCIPAdapter.setRateLimit
FNDA:3,CCIPAdapter.setRateLimit
DA:540,3
DA:541,3
DA:542,3
DA:546,7
FN:546,CCIPAdapter.getRemainingCapacity
FNDA:7,CCIPAdapter.getRemainingCapacity
DA:547,7
DA:548,7
DA:549,7
BRDA:549,25,0,1
DA:550,1
DA:552,6
DA:560,11
FN:560,CCIPAdapter.pause
FNDA:11,CCIPAdapter.pause
DA:563,11
BRDA:563,26,0,2
DA:564,9
DA:565,9
DA:569,3
FN:569,CCIPAdapter.unpause
FNDA:3,CCIPAdapter.unpause
DA:572,3
BRDA:572,27,0,-
DA:573,3
DA:574,3
DA:585,2
FN:585,CCIPAdapter.setMessageExpiry
FNDA:2,CCIPAdapter.setMessageExpiry
DA:586,1
DA:593,4
FN:593,CCIPAdapter.setReplayProtectionEnabled
FNDA:4,CCIPAdapter.setReplayProtectionEnabled
DA:594,3
DA:602,2
FN:602,CCIPAdapter.setChainNonce
FNDA:2,CCIPAdapter.setChainNonce
DA:603,1
DA:611,7
FN:611,CCIPAdapter.getRequest
FNDA:7,CCIPAdapter.getRequest
DA:612,7
DA:616,1
FN:616,CCIPAdapter.getResponse
FNDA:1,CCIPAdapter.getResponse
DA:617,1
DA:621,6
FN:621,CCIPAdapter.isChainSupported
FNDA:6,CCIPAdapter.isChainSupported
DA:622,6
DA:626,5
FN:626,CCIPAdapter.getChainConfig
FNDA:5,CCIPAdapter.getChainConfig
DA:627,5
DA:631,4
FN:631,CCIPAdapter.getPendingChainAddition
FNDA:4,CCIPAdapter.getPendingChainAddition
DA:637,4
DA:641,3
FN:641,CCIPAdapter.estimateFee
FNDA:3,CCIPAdapter.estimateFee
DA:642,3
DA:643,3
BRDA:643,28,0,1
DA:646,2
DA:652,2
DA:662,2
DA:666,4
FN:666,CCIPAdapter.router
FNDA:4,CCIPAdapter.router
DA:667,4
DA:671,3
FN:671,CCIPAdapter.governor
FNDA:3,CCIPAdapter.governor
DA:672,3
DA:676,3
FN:676,CCIPAdapter.tagitCore
FNDA:3,CCIPAdapter.tagitCore
DA:677,3
DA:681,9
FN:681,CCIPAdapter.isPaused
FNDA:9,CCIPAdapter.isPaused
DA:682,9
DA:686,6
FN:686,CCIPAdapter.rateLimit
FNDA:6,CCIPAdapter.rateLimit
DA:687,6
DA:691,3
FN:691,CCIPAdapter.version
FNDA:3,CCIPAdapter.version
DA:692,3
DA:704,4
FN:704,CCIPAdapter.isMessageProcessed
FNDA:4,CCIPAdapter.isMessageProcessed
DA:705,4
DA:714,3
FN:714,CCIPAdapter.isCcipMessageProcessed
FNDA:3,CCIPAdapter.isCcipMessageProcessed
DA:719,3
DA:720,3
DA:729,2
FN:729,CCIPAdapter.getReplayProtectionState
FNDA:2,CCIPAdapter.getReplayProtectionState
DA:734,2
DA:741,3
FN:741,CCIPAdapter.isReplayProtectionEnabled
FNDA:3,CCIPAdapter.isReplayProtectionEnabled
DA:742,3
DA:749,2
FN:749,CCIPAdapter.getMessageExpiry
FNDA:2,CCIPAdapter.getMessageExpiry
DA:750,2
DA:761,0
FN:761,CCIPAdapter.setGovernor
FNDA:0,CCIPAdapter.setGovernor
DA:762,0
BRDA:762,29,0,-
DA:763,0
DA:764,0
DA:765,0
DA:772,0
FN:772,CCIPAdapter._authorizeUpgrade
FNDA:0,CCIPAdapter._authorizeUpgrade
FNF:46
FNH:43
LF:205
LH:180
BRF:32
BRH:16
end_of_record
TN:
SF:src/core/TAGITCore.sol
DA:393,525
FN:393,TAGITCore.constructor
FNDA:525,TAGITCore.constructor
DA:394,525
DA:409,498
FN:409,TAGITCore.initialize
FNDA:498,TAGITCore.initialize
DA:410,493
BRDA:410,0,0,1
DA:413,492
DA:414,492
DA:415,492
DA:418,492
DA:423,492
DA:433,492
DA:453,35
FN:453,TAGITCore._authorizeUpgrade
FNDA:35,TAGITCore._authorizeUpgrade
DA:454,32
DA:461,14
FN:461,TAGITCore.getImplementation
FNDA:14,TAGITCore.getImplementation
DA:462,14
DA:477,496
FN:477,TAGITCore.setAccessController
FNDA:496,TAGITCore.setAccessController
DA:478,490
DA:479,490
DA:480,490
DA:490,167314
FN:490,TAGITCore.requiresCapability
FNDA:167314,TAGITCore.requiresCapability
DA:492,167314
BRDA:492,1,0,167312
DA:495,167312
DA:515,167316
FN:515,TAGITCore.mint
FNDA:167316,TAGITCore.mint
DA:524,167048
BRDA:524,2,0,1
DA:527,167047
DA:532,167046
DA:533,167046
DA:536,167046
DA:540,167046
DA:545,167046
DA:546,167046
DA:549,167046
DA:550,167046
DA:564,524
FN:564,TAGITCore.batchMint
FNDA:524,TAGITCore.batchMint
DA:573,267
BRDA:573,3,0,2
DA:574,2
DA:576,265
BRDA:576,4,0,1
DA:577,1
DA:583,264
DA:585,264
DA:586,6554
BRDA:586,5,0,1
DA:589,6553
DA:591,6553
DA:592,6553
DA:594,6553
DA:598,6553
DA:600,6553
DA:601,6553
DA:604,6553
DA:605,6553
DA:609,6553
DA:630,143299
FN:630,TAGITCore.bindTag
FNDA:143299,TAGITCore.bindTag
DA:638,143039
DA:641,143039
BRDA:641,6,0,14
DA:644,143025
BRDA:644,7,0,99
DA:645,99
DA:649,142926
BRDA:649,8,0,2
DA:652,142924
BRDA:652,9,0,4
DA:655,142920
BRDA:655,10,0,1
DA:656,142919
DA:657,142919
DA:658,142919
DA:659,142918
BRDA:659,11,0,266
DA:665,142652
DA:666,142652
DA:669,142652
DA:670,142652
DA:675,142652
DA:676,142652
DA:679,142652
DA:680,142652
DA:696,128541
FN:696,TAGITCore.activate
FNDA:128541,TAGITCore.activate
DA:700,128281
DA:703,128281
BRDA:703,12,0,10
DA:706,128271
BRDA:706,13,0,329
DA:707,329
DA:714,127942
DA:715,127942
DA:720,127942
DA:723,127942
DA:724,127942
DA:749,117559
FN:749,TAGITCore.claim
FNDA:117559,TAGITCore.claim
DA:753,117297
DA:756,117297
BRDA:756,14,0,5
DA:759,117292
BRDA:759,15,0,56
DA:760,56
DA:764,117236
BRDA:764,16,0,1
DA:769,117235
DA:772,117235
DA:773,117235
DA:774,117235
DA:781,117235
DA:784,117235
DA:787,117235
DA:788,117235
DA:803,76201
FN:803,TAGITCore.flag
FNDA:76201,TAGITCore.flag
DA:807,75942
DA:810,75942
BRDA:810,17,0,8
DA:813,75934
BRDA:813,18,0,325
DA:814,325
DA:819,75609
DA:825,75548
DA:826,75548
DA:831,75548
DA:834,75548
DA:835,75548
DA:850,75229
FN:850,TAGITCore.approveResolve
FNDA:75229,TAGITCore.approveResolve
DA:858,74969
DA:861,74969
BRDA:861,19,0,1
DA:864,74968
BRDA:864,20,0,1
DA:865,1
DA:869,74967
DA:872,2
BRDA:872,21,0,2
DA:873,2
DA:877,74965
BRDA:877,22,0,37479
DA:878,37479
BRDA:878,23,0,2
DA:879,2
DA:887,74963
BRDA:887,24,0,37486
DA:888,37486
DA:891,74963
DA:892,74963
DA:897,74963
DA:920,37742
FN:920,TAGITCore.resolve
FNDA:37742,TAGITCore.resolve
DA:924,37480
DA:927,37480
BRDA:927,25,0,1
DA:930,37479
BRDA:930,26,0,1
DA:931,1
DA:935,37478
BRDA:935,27,0,1
DA:938,37477
BRDA:938,28,0,5
DA:939,5
DA:943,37472
BRDA:943,29,0,1
DA:944,1
DA:950,37471
DA:953,37471
DA:954,37471
DA:955,37471
DA:958,37471
DA:960,37471
DA:967,37471
DA:970,37471
DA:973,37471
DA:974,37471
DA:991,110929
FN:991,TAGITCore.recycle
FNDA:110929,TAGITCore.recycle
DA:995,110415
DA:998,110415
BRDA:998,30,0,5
DA:1001,110410
DA:1002,110410
BRDA:1002,31,0,308
DA:1003,308
DA:1010,110102
DA:1011,110102
DA:1016,110102
DA:1019,110102
DA:1020,110102
DA:1041,328319
FN:1041,TAGITCore._update
FNDA:328319,TAGITCore._update
DA:1042,328319
BRDA:1042,32,0,14
DA:1043,328305
DA:1059,16
FN:1059,TAGITCore.tokenURI
FNDA:16,TAGITCore.tokenURI
DA:1060,16
DA:1063,15
DA:1065,15
BRDA:1065,33,0,11
DA:1067,11
BRDA:1067,34,0,11
DA:1068,3
DA:1072,11
BRDA:1072,35,0,8
DA:1073,8
BRDA:1073,36,0,8
DA:1074,2
DA:1079,15
BRDA:1079,37,0,7
DA:1080,7
DA:1083,8
DA:1092,39
FN:1092,TAGITCore.setRedactedURI
FNDA:39,TAGITCore.setRedactedURI
DA:1093,38
DA:1110,13348
FN:1110,TAGITCore.getAsset
FNDA:13348,TAGITCore.getAsset
DA:1115,13348
DA:1116,13348
DA:1123,1558
FN:1123,TAGITCore.totalSupply
FNDA:1558,TAGITCore.totalSupply
DA:1124,1558
DA:1133,1289
FN:1133,TAGITCore.getTokenByTag
FNDA:1289,TAGITCore.getTokenByTag
DA:1134,1289
DA:1143,1286
FN:1143,TAGITCore.getTagByToken
FNDA:1286,TAGITCore.getTagByToken
DA:1144,1286
DA:1154,521
FN:1154,TAGITCore.getResolveApprovalStatus
FNDA:521,TAGITCore.getResolveApprovalStatus
DA:1159,521
DA:1160,521
DA:1161,521
DA:1175,416
FN:1175,TAGITCore.setTrustedOracle
FNDA:416,TAGITCore.setTrustedOracle
DA:1176,413
BRDA:1176,38,0,1
DA:1177,412
DA:1178,412
DA:1179,412
DA:1192,4
FN:1192,TAGITCore.resetFlagCircuitBreaker
FNDA:4,TAGITCore.resetFlagCircuitBreaker
DA:1193,2
DA:1203,3
FN:1203,TAGITCore.unlockMinter
FNDA:3,TAGITCore.unlockMinter
DA:1204,1
DA:1214,8
FN:1214,TAGITCore.setFlagCircuitBreakerThreshold
FNDA:8,TAGITCore.setFlagCircuitBreakerThreshold
DA:1215,6
DA:1225,4
FN:1225,TAGITCore.setMintRateLimitEnabled
FNDA:4,TAGITCore.setMintRateLimitEnabled
DA:1226,2
DA:1239,3
FN:1239,TAGITCore.getFlagCircuitBreakerStatus
FNDA:3,TAGITCore.getFlagCircuitBreakerStatus
DA:1240,3
DA:1251,1
FN:1251,TAGITCore.getMintRateLimitStatus
FNDA:1,TAGITCore.getMintRateLimitStatus
DA:1256,1
DA:1264,3
FN:1264,TAGITCore.getFlagCircuitBreakerCapacity
FNDA:3,TAGITCore.getFlagCircuitBreakerCapacity
DA:1265,3
FNF:31
FNH:31
LF:201
LH:201
BRF:39
BRH:39
end_of_record
TN:
SF:src/core/TAGITCoreDemo.sol
DA:37,0
FN:37,TAGITCoreDemo.onlyAdmin
FNDA:0,TAGITCoreDemo.onlyAdmin
DA:38,0
BRDA:38,0,0,-
DA:42,0
FN:42,TAGITCoreDemo.constructor
FNDA:0,TAGITCoreDemo.constructor
DA:43,0
DA:46,0
FN:46,TAGITCoreDemo.mint
FNDA:0,TAGITCoreDemo.mint
DA:47,0
BRDA:47,1,0,-
DA:48,0
DA:49,0
DA:50,0
DA:53,0
FN:53,TAGITCoreDemo.changeState
FNDA:0,TAGITCoreDemo.changeState
DA:54,0
DA:55,0
BRDA:55,2,0,-
DA:56,0
DA:57,0
DA:58,0
DA:59,0
DA:62,0
FN:62,TAGITCoreDemo.getAsset
FNDA:0,TAGITCoreDemo.getAsset
DA:63,0
DA:66,0
FN:66,TAGITCoreDemo.getTokenIds
FNDA:0,TAGITCoreDemo.getTokenIds
DA:67,0
DA:70,0
FN:70,TAGITCoreDemo.totalAssets
FNDA:0,TAGITCoreDemo.totalAssets
DA:71,0
FNF:7
FNH:0
LF:22
LH:0
BRF:3
BRH:0
end_of_record
TN:
SF:src/escrow/VerificationEscrow.sol
DA:161,40
FN:161,VerificationEscrow.constructor
FNDA:40,VerificationEscrow.constructor
DA:162,40
BRDA:162,0,0,1
DA:163,39
BRDA:163,1,0,1
DA:165,38
DA:166,38
DA:168,38
DA:183,30
FN:183,VerificationEscrow.createEscrow
FNDA:30,VerificationEscrow.createEscrow
DA:189,30
BRDA:189,2,0,1
DA:190,29
BRDA:190,3,0,1
DA:193,28
DA:195,28
DA:204,28
DA:207,28
DA:224,26
FN:224,VerificationEscrow.releaseWithProof
FNDA:26,VerificationEscrow.releaseWithProof
DA:225,26
DA:228,26
BRDA:228,4,0,1
DA:229,25
BRDA:229,5,0,2
DA:230,2
DA:232,23
BRDA:232,6,0,-
DA:233,23
BRDA:233,7,0,1
DA:234,1
DA:236,22
BRDA:236,8,0,1
DA:237,1
DA:239,21
BRDA:239,9,0,1
DA:240,1
DA:242,20
BRDA:242,10,0,2
DA:243,2
DA:245,18
BRDA:245,11,0,8
DA:246,8
DA:253,10
DA:254,10
DA:255,10
DA:257,10
BRDA:257,12,0,3
DA:260,7
DA:262,7
DA:265,7
DA:274,9
FN:274,VerificationEscrow.cancelEscrow
FNDA:9,VerificationEscrow.cancelEscrow
DA:275,9
DA:278,9
BRDA:278,13,0,1
DA:279,8
BRDA:279,14,0,2
DA:280,2
DA:282,6
BRDA:282,15,0,2
DA:285,4
DA:287,4
DA:290,4
DA:302,4
FN:302,VerificationEscrow.setTrustedOracle
FNDA:4,VerificationEscrow.setTrustedOracle
DA:303,3
BRDA:303,16,0,1
DA:305,2
DA:306,2
DA:308,2
DA:325,9
FN:325,VerificationEscrow.getEscrow
FNDA:9,VerificationEscrow.getEscrow
DA:330,9
DA:331,9
FNF:6
FNH:6
LF:53
LH:53
BRF:17
BRH:16
end_of_record
TN:
SF:src/governance/TAGITGovernor.sol
DA:126,111
FN:126,TAGITGovernor._getTAGITGovernorStorage
FNDA:111,TAGITGovernor._getTAGITGovernorStorage
DA:128,111
DA:137,30
FN:137,TAGITGovernor.constructor
FNDA:30,TAGITGovernor.constructor
DA:138,30
DA:150,30
FN:150,TAGITGovernor.initialize
FNDA:30,TAGITGovernor.initialize
DA:158,30
BRDA:158,0,0,1
DA:159,29
BRDA:159,1,0,-
DA:160,29
BRDA:160,2,0,-
DA:161,29
BRDA:161,3,0,-
DA:162,29
BRDA:162,4,0,-
DA:163,29
BRDA:163,5,0,-
DA:165,29
DA:166,29
DA:171,29
DA:172,29
DA:173,29
DA:174,29
DA:175,29
DA:177,29
DA:178,29
DA:179,29
DA:180,29
DA:190,14
FN:190,TAGITGovernor.propose
FNDA:14,TAGITGovernor.propose
DA:196,13
DA:199,13
DA:200,13
DA:201,13
BRDA:201,6,0,1
DA:202,1
DA:205,12
DA:211,17
FN:211,TAGITGovernor.castVote
FNDA:17,TAGITGovernor.castVote
DA:217,16
DA:223,1
FN:223,TAGITGovernor.castVoteWithReason
FNDA:1,TAGITGovernor.castVoteWithReason
DA:229,1
DA:236,0
FN:236,TAGITGovernor.queue
FNDA:0,TAGITGovernor.queue
DA:243,0
DA:250,0
FN:250,TAGITGovernor.execute
FNDA:0,TAGITGovernor.execute
DA:257,0
DA:264,0
FN:264,TAGITGovernor.cancel
FNDA:0,TAGITGovernor.cancel
DA:271,0
DA:281,17
FN:281,TAGITGovernor._castVote
FNDA:17,TAGITGovernor._castVote
DA:294,17
DA:295,17
BRDA:295,7,0,-
DA:296,0
DA:299,17
DA:302,1
BRDA:302,8,0,1
DA:303,1
DA:307,16
DA:308,16
BRDA:308,9,0,1
DA:309,1
DA:313,15
BRDA:313,10,0,1
DA:314,1
DA:318,14
DA:319,14
DA:322,14
DA:324,14
DA:326,14
DA:332,14
FN:332,TAGITGovernor._recordHouseVote
FNDA:14,TAGITGovernor._recordHouseVote
DA:333,14
DA:334,14
DA:335,14
DA:338,14
DA:339,14
DA:341,14
BRDA:341,11,0,11
BRDA:341,11,1,1
DA:342,11
DA:343,11
DA:344,3
BRDA:344,12,0,2
BRDA:344,12,1,1
DA:345,2
DA:346,2
DA:348,1
DA:349,1
DA:356,14
FN:356,TAGITGovernor._getHouseWeight
FNDA:14,TAGITGovernor._getHouseWeight
DA:357,14
BRDA:357,13,0,7
DA:358,7
BRDA:358,14,0,1
DA:359,6
BRDA:359,15,0,1
DA:360,5
BRDA:360,16,0,3
DA:361,2
BRDA:361,17,0,2
DA:362,0
DA:368,6
FN:368,TAGITGovernor.getVotingPower
FNDA:6,TAGITGovernor.getVotingPower
DA:369,22
DA:374,22
BRDA:374,18,0,9
DA:375,9
DA:377,13
BRDA:377,19,0,3
DA:378,3
DA:380,10
BRDA:380,20,0,2
DA:381,2
DA:383,8
BRDA:383,21,0,4
DA:384,4
DA:388,4
DA:389,4
BRDA:389,22,0,2
DA:391,2
DA:394,2
DA:404,0
FN:404,TAGITGovernor._quorumReached
FNDA:0,TAGITGovernor._quorumReached
DA:405,0
DA:406,0
DA:408,0
DA:409,0
DA:415,0
FN:415,TAGITGovernor._voteSucceeded
FNDA:0,TAGITGovernor._voteSucceeded
DA:416,0
DA:417,0
DA:419,0
DA:425,0
FN:425,TAGITGovernor._countVote
FNDA:0,TAGITGovernor._countVote
DA:443,1
FN:443,TAGITGovernor.quorum.0
FNDA:1,TAGITGovernor.quorum.0
DA:445,1
DA:451,0
FN:451,TAGITGovernor.quorum.1
FNDA:0,TAGITGovernor.quorum.1
DA:452,0
DA:462,6
FN:462,TAGITGovernor.emergencyPause
FNDA:6,TAGITGovernor.emergencyPause
DA:463,6
DA:464,6
BRDA:464,23,0,1
DA:465,1
DA:467,5
DA:468,5
DA:474,2
FN:474,TAGITGovernor.unpause
FNDA:2,TAGITGovernor.unpause
DA:475,2
DA:476,2
BRDA:476,24,0,1
DA:477,1
DA:479,1
DA:480,1
DA:487,0
FN:487,TAGITGovernor.setGuardian
FNDA:0,TAGITGovernor.setGuardian
DA:488,0
BRDA:488,25,0,-
DA:489,0
DA:490,0
DA:491,0
DA:492,0
DA:502,1
FN:502,TAGITGovernor.getHouseVotes
FNDA:1,TAGITGovernor.getHouseVotes
DA:503,1
DA:504,1
DA:505,5
DA:507,1
DA:513,2
FN:513,TAGITGovernor.hasVoted
FNDA:2,TAGITGovernor.hasVoted
DA:519,2
DA:520,2
DA:526,1
FN:526,TAGITGovernor.proposalThreshold
FNDA:1,TAGITGovernor.proposalThreshold
DA:532,26
DA:538,1
FN:538,TAGITGovernor.guardian
FNDA:1,TAGITGovernor.guardian
DA:539,1
DA:540,1
DA:546,1
FN:546,TAGITGovernor.version
FNDA:1,TAGITGovernor.version
DA:547,30
DA:554,1
FN:554,TAGITGovernor.COUNTING_MODE
FNDA:1,TAGITGovernor.COUNTING_MODE
DA:555,1
DA:565,2
FN:565,TAGITGovernor.proposalVotes
FNDA:2,TAGITGovernor.proposalVotes
DA:570,2
DA:571,2
DA:572,2
DA:579,1
FN:579,TAGITGovernor.accessControl
FNDA:1,TAGITGovernor.accessControl
DA:580,1
DA:581,1
DA:588,1
FN:588,TAGITGovernor.stakingContract
FNDA:1,TAGITGovernor.stakingContract
DA:589,1
DA:590,1
DA:600,0
FN:600,TAGITGovernor._authorizeUpgrade
FNDA:0,TAGITGovernor._authorizeUpgrade
DA:605,1
FN:605,TAGITGovernor.state
FNDA:1,TAGITGovernor.state
DA:611,18
DA:617,0
FN:617,TAGITGovernor.proposalNeedsQueuing
FNDA:0,TAGITGovernor.proposalNeedsQueuing
DA:623,0
DA:629,0
FN:629,TAGITGovernor._queueOperations
FNDA:0,TAGITGovernor._queueOperations
DA:636,0
DA:642,0
FN:642,TAGITGovernor._executeOperations
FNDA:0,TAGITGovernor._executeOperations
DA:649,0
DA:655,0
FN:655,TAGITGovernor._cancel
FNDA:0,TAGITGovernor._cancel
DA:661,0
DA:667,0
FN:667,TAGITGovernor._executor
FNDA:0,TAGITGovernor._executor
DA:673,0
FNF:37
FNH:23
LF:163
LH:126
BRF:28
BRH:21
end_of_record
TN:
SF:src/libraries/CircuitBreaker.sol
DA:120,1057
FN:120,CircuitBreaker.initialize
FNDA:1057,CircuitBreaker.initialize
DA:123,1057
BRDA:123,0,0,1
DA:124,1056
BRDA:124,1,0,1
DA:125,1055
BRDA:125,2,0,1
DA:127,1054
DA:128,1054
DA:129,1054
DA:130,1054
DA:131,1054
DA:132,1054
DA:133,1054
DA:152,145752
FN:152,CircuitBreaker.check
FNDA:145752,CircuitBreaker.check
DA:154,65
BRDA:154,3,0,65
DA:155,65
BRDA:155,4,0,62
DA:156,62
DA:159,3
DA:163,145690
BRDA:163,5,0,6
DA:164,6
DA:165,6
DA:169,145690
DA:172,145690
BRDA:172,6,0,433
DA:173,433
DA:174,433
DA:178,145257
BRDA:178,7,0,537
DA:179,537
DA:182,145257
DA:192,63580
FN:192,CircuitBreaker.status
FNDA:63580,CircuitBreaker.status
DA:193,63580
BRDA:193,8,0,63319
DA:194,63319
DA:197,261
BRDA:197,9,0,98
DA:199,98
DA:202,163
DA:211,8
FN:211,CircuitBreaker.forceReset
FNDA:8,CircuitBreaker.forceReset
DA:212,8
DA:214,8
DA:215,8
DA:216,8
DA:217,8
DA:219,8
DA:221,8
BRDA:221,10,0,3
DA:222,3
DA:232,8
FN:232,CircuitBreaker.setThreshold
FNDA:8,CircuitBreaker.setThreshold
DA:233,8
BRDA:233,11,0,1
DA:234,7
DA:243,2
FN:243,CircuitBreaker.setCooldown
FNDA:2,CircuitBreaker.setCooldown
DA:244,2
BRDA:244,12,0,1
DA:245,1
DA:254,2
FN:254,CircuitBreaker.setWindow
FNDA:2,CircuitBreaker.setWindow
DA:255,2
BRDA:255,13,0,1
DA:256,1
DA:268,18
FN:268,CircuitBreaker.currentCount
FNDA:18,CircuitBreaker.currentCount
DA:270,18
BRDA:270,14,0,4
DA:271,4
DA:273,14
DA:281,9
FN:281,CircuitBreaker.remainingCapacity
FNDA:9,CircuitBreaker.remainingCapacity
DA:282,9
DA:283,9
BRDA:283,15,0,1
DA:284,1
DA:286,8
DA:294,2
FN:294,CircuitBreaker.isInitialized
FNDA:2,CircuitBreaker.isInitialized
DA:295,2
DA:305,433
FN:305,CircuitBreaker._trip
FNDA:433,CircuitBreaker._trip
DA:306,433
DA:307,433
DA:309,433
DA:315,3
FN:315,CircuitBreaker._reset
FNDA:3,CircuitBreaker._reset
DA:316,3
DA:318,3
DA:319,3
DA:320,3
DA:321,3
DA:323,3
FNF:12
FNH:12
LF:72
LH:72
BRF:16
BRH:16
end_of_record
TN:
SF:src/libraries/DrainDetector.sol
DA:198,688
FN:198,DrainDetector.initialize
FNDA:688,DrainDetector.initialize
DA:207,688
BRDA:207,0,0,1
DA:208,687
BRDA:208,1,0,2
DA:209,2
DA:211,685
BRDA:211,2,0,1
DA:212,1
DA:214,684
BRDA:214,3,0,1
DA:215,683
BRDA:215,4,0,1
DA:217,682
DA:218,682
DA:219,682
DA:220,682
DA:221,682
DA:222,682
DA:223,682
DA:224,682
DA:225,682
DA:226,682
DA:227,682
DA:228,682
DA:259,5200
FN:259,DrainDetector.checkWithdrawal
FNDA:5200,DrainDetector.checkWithdrawal
DA:261,5200
BRDA:261,5,0,513
DA:262,513
DA:266,4
BRDA:266,6,0,4
DA:267,4
BRDA:267,7,0,1
DA:268,1
DA:271,3
DA:272,3
DA:273,3
DA:277,4686
BRDA:277,8,0,261
DA:278,261
DA:279,261
DA:280,261
DA:283,4686
DA:286,4686
DA:287,4686
BRDA:287,9,0,385
DA:288,385
DA:289,385
DA:290,385
DA:294,4301
DA:295,4301
BRDA:295,10,0,2
DA:296,2
DA:300,4301
DA:301,4301
DA:302,4301
BRDA:302,11,0,2
DA:303,2
DA:304,2
DA:305,2
DA:309,4299
DA:310,4299
BRDA:310,12,0,6
DA:311,6
DA:315,4299
DA:316,4299
BRDA:316,13,0,2
DA:317,2
DA:318,2
DA:319,2
DA:323,4297
DA:324,4297
BRDA:324,14,0,27
DA:325,27
DA:329,4297
DA:330,4297
DA:332,4297
DA:341,827
FN:341,DrainDetector.recordWithdrawal
FNDA:827,DrainDetector.recordWithdrawal
DA:342,827
DA:343,827
DA:344,827
DA:345,827
DA:354,79246
FN:354,DrainDetector.recordDeposit
FNDA:79246,DrainDetector.recordDeposit
DA:355,79246
DA:356,79246
DA:358,79246
BRDA:358,15,0,1
DA:359,1
DA:361,79246
DA:362,79246
DA:371,5
FN:371,DrainDetector.forceReset
FNDA:5,DrainDetector.forceReset
DA:372,5
DA:373,5
DA:382,516
FN:382,DrainDetector.setEnabled
FNDA:516,DrainDetector.setEnabled
DA:383,516
DA:392,85592
FN:392,DrainDetector.setBalance
FNDA:85592,DrainDetector.setBalance
DA:393,85592
DA:394,85592
DA:395,85592
DA:406,6
FN:406,DrainDetector.updateThresholds
FNDA:6,DrainDetector.updateThresholds
DA:412,6
BRDA:412,16,0,3
DA:413,3
BRDA:413,17,0,1
DA:414,1
DA:416,2
DA:418,5
BRDA:418,18,0,3
DA:419,3
BRDA:419,19,0,1
DA:420,1
DA:422,2
DA:424,4
BRDA:424,20,0,2
DA:425,2
DA:439,522
FN:439,DrainDetector.status
FNDA:522,DrainDetector.status
DA:440,522
BRDA:440,21,0,147
DA:441,147
DA:444,375
BRDA:444,22,0,102
DA:445,102
DA:448,273
DA:459,6
FN:459,DrainDetector.wouldTrigger
FNDA:6,DrainDetector.wouldTrigger
DA:460,6
BRDA:460,23,0,-
DA:461,0
DA:464,6
DA:467,6
DA:468,6
BRDA:468,24,0,1
DA:469,1
DA:473,5
DA:474,5
BRDA:474,25,0,-
DA:475,0
DA:477,5
DA:478,5
DA:479,5
BRDA:479,26,0,1
DA:480,1
DA:484,4
DA:485,4
BRDA:485,27,0,-
DA:486,0
DA:488,4
BRDA:488,28,0,1
DA:489,1
DA:492,3
DA:503,262
FN:503,DrainDetector.windowStats
FNDA:262,DrainDetector.windowStats
DA:509,262
BRDA:509,29,0,1
DA:510,1
DA:513,261
DA:514,261
DA:524,4
FN:524,DrainDetector.remainingCapacity
FNDA:4,DrainDetector.remainingCapacity
DA:529,4
BRDA:529,30,0,1
DA:530,1
DA:533,3
DA:534,3
DA:535,3
DA:537,3
DA:538,3
DA:541,3
BRDA:541,31,0,-
DA:542,0
DA:543,0
DA:546,3
DA:548,3
DA:550,3
DA:558,2
FN:558,DrainDetector.isInitialized
FNDA:2,DrainDetector.isInitialized
DA:559,2
DA:567,4
FN:567,DrainDetector.isEnabled
FNDA:4,DrainDetector.isEnabled
DA:568,4
DA:576,9
FN:576,DrainDetector.getBalance
FNDA:9,DrainDetector.getBalance
DA:577,9
DA:587,389
FN:587,DrainDetector._trip
FNDA:389,DrainDetector._trip
DA:588,389
DA:589,389
DA:590,389
DA:596,8
FN:596,DrainDetector._reset
FNDA:8,DrainDetector._reset
DA:597,8
DA:598,8
DA:599,8
DA:600,8
DA:601,8
FNF:17
FNH:17
LF:155
LH:150
BRF:32
BRH:28
end_of_record
TN:
SF:src/libraries/RateLimiter.sol
DA:143,1067
FN:143,RateLimiter.initialize
FNDA:1067,RateLimiter.initialize
DA:150,1067
BRDA:150,0,0,1
DA:151,1066
BRDA:151,1,0,1
DA:153,1065
DA:154,1065
DA:155,1065
DA:156,1065
DA:157,1065
DA:158,1065
DA:159,1065
DA:183,200961
FN:183,RateLimiter.check
FNDA:200961,RateLimiter.check
DA:188,200961
BRDA:188,2,0,669
DA:189,669
DA:192,200292
DA:195,200292
BRDA:195,3,0,14
DA:196,14
BRDA:196,4,0,10
DA:197,10
DA:200,4
DA:201,4
DA:205,200282
BRDA:205,5,0,20
DA:206,20
DA:207,20
DA:211,200282
BRDA:211,6,0,-
DA:212,0
DA:213,0
DA:214,0
DA:215,0
DA:219,200282
BRDA:219,7,0,191562
DA:221,191562
BRDA:221,8,0,21
DA:222,21
DA:223,21
DA:226,191562
BRDA:226,9,0,2
DA:227,2
DA:228,2
DA:231,191560
DA:235,200280
DA:238,200280
BRDA:238,10,0,443
DA:239,443
DA:240,443
DA:245,200280
BRDA:245,11,0,1007
DA:246,1007
DA:249,200280
DA:262,8940
FN:262,RateLimiter.canAct
FNDA:8940,RateLimiter.canAct
DA:267,8940
BRDA:267,12,0,1
DA:268,1
DA:271,8939
DA:274,8939
BRDA:274,13,0,301
DA:275,301
DA:279,8638
DA:283,8638
BRDA:283,14,0,106
BRDA:283,14,1,8532
DA:284,106
DA:287,8532
BRDA:287,15,0,1
DA:288,1
DA:291,8638
BRDA:291,16,0,-
DA:292,0
DA:295,8638
DA:304,5
FN:304,RateLimiter.forceUnlock
FNDA:5,RateLimiter.forceUnlock
DA:305,5
DA:306,5
DA:307,5
DA:308,5
DA:309,5
DA:318,271
FN:318,RateLimiter.setEnabled
FNDA:271,RateLimiter.setEnabled
DA:319,271
DA:331,3
FN:331,RateLimiter.updateConfig
FNDA:3,RateLimiter.updateConfig
DA:338,3
BRDA:338,17,0,2
DA:339,2
DA:341,3
BRDA:341,18,0,2
DA:342,2
DA:344,3
BRDA:344,19,0,2
DA:345,2
DA:347,3
DA:362,12
FN:362,RateLimiter.getUserState
FNDA:12,RateLimiter.getUserState
DA:367,12
DA:368,12
DA:378,5
FN:378,RateLimiter.getGlobalState
FNDA:5,RateLimiter.getGlobalState
DA:383,5
BRDA:383,20,0,-
DA:384,0
DA:387,5
DA:388,5
BRDA:388,21,0,-
DA:389,0
DA:392,5
DA:394,5
DA:402,2
FN:402,RateLimiter.isInitialized
FNDA:2,RateLimiter.isInitialized
DA:403,2
DA:411,4
FN:411,RateLimiter.isEnabled
FNDA:4,RateLimiter.isEnabled
DA:412,4
DA:422,4
FN:422,RateLimiter._resetUser
FNDA:4,RateLimiter._resetUser
DA:423,4
DA:424,4
DA:425,4
FNF:11
FNH:11
LF:91
LH:84
BRF:23
BRH:19
end_of_record
TN:
SF:src/libraries/ReplayProtection.sol
DA:143,124
FN:143,ReplayProtection.initialize
FNDA:124,ReplayProtection.initialize
DA:144,124
DA:145,124
DA:146,124
DA:177,8266
FN:177,ReplayProtection.validateAndMark
FNDA:8266,ReplayProtection.validateAndMark
DA:187,8266
BRDA:187,0,0,1
DA:188,1
DA:192,8265
BRDA:192,1,0,7264
DA:193,7264
BRDA:193,2,0,100
DA:194,100
DA:195,100
DA:200,260
BRDA:200,3,0,260
DA:201,260
DA:202,260
DA:206,7905
DA:207,7894
BRDA:207,4,0,7894
DA:208,7894
DA:209,7894
BRDA:209,5,0,2
DA:210,2
DA:211,2
DA:213,7892
DA:217,7903
DA:218,7903
DA:221,7903
DA:224,7903
BRDA:224,6,0,1
DA:225,1
DA:228,7903
DA:237,8
FN:237,ReplayProtection.isProcessed
FNDA:8,ReplayProtection.isProcessed
DA:242,8
DA:257,5
FN:257,ReplayProtection.wouldBeValid
FNDA:5,ReplayProtection.wouldBeValid
DA:266,5
BRDA:266,7,0,-
DA:267,0
DA:271,5
BRDA:271,8,0,5
DA:272,5
BRDA:272,9,0,1
DA:273,1
DA:278,1
BRDA:278,10,0,1
DA:279,1
DA:283,3
BRDA:283,11,0,3
DA:284,3
DA:285,3
BRDA:285,12,0,1
DA:286,1
DA:290,2
DA:300,266
FN:300,ReplayProtection.getChainState
FNDA:266,ReplayProtection.getChainState
DA:305,266
DA:306,266
DA:316,514
FN:316,ReplayProtection.setNonce
FNDA:514,ReplayProtection.setNonce
DA:319,514
DA:327,4
FN:327,ReplayProtection.setEnabled
FNDA:4,ReplayProtection.setEnabled
DA:328,4
DA:336,2
FN:336,ReplayProtection.setExpiry
FNDA:2,ReplayProtection.setExpiry
DA:337,2
DA:345,1
FN:345,ReplayProtection.setSequential
FNDA:1,ReplayProtection.setSequential
DA:346,1
DA:358,5
FN:358,ReplayProtection.isEnabled
FNDA:5,ReplayProtection.isEnabled
DA:359,5
DA:367,5
FN:367,ReplayProtection.getExpiry
FNDA:5,ReplayProtection.getExpiry
DA:368,5
DA:376,3
FN:376,ReplayProtection.isSequential
FNDA:3,ReplayProtection.isSequential
DA:377,3
DA:385,2
FN:385,ReplayProtection.isInitialized
FNDA:2,ReplayProtection.isInitialized
DA:388,2
DA:400,4
FN:400,ReplayProtection.computeMessageId
FNDA:4,ReplayProtection.computeMessageId
DA:405,4
FNF:14
FNH:14
LF:63
LH:62
BRF:13
BRH:12
end_of_record
TN:
SF:src/mirror/TAGITStateAnchor.sol
DA:51,2
FN:51,TAGITStateAnchor.onlyAnchor
FNDA:2,TAGITStateAnchor.onlyAnchor
DA:52,2
BRDA:52,0,0,1
DA:61,20
FN:61,TAGITStateAnchor.constructor
FNDA:20,TAGITStateAnchor.constructor
DA:62,20
BRDA:62,1,0,1
DA:63,19
DA:64,19
DA:74,264
FN:74,TAGITStateAnchor.postStateRoot
FNDA:264,TAGITStateAnchor.postStateRoot
DA:75,263
BRDA:75,2,0,1
DA:77,262
DA:78,262
DA:79,262
DA:81,262
DA:85,2
FN:85,TAGITStateAnchor.postHeartbeat
FNDA:2,TAGITStateAnchor.postHeartbeat
DA:86,1
DA:87,1
DA:92,3
FN:92,TAGITStateAnchor.rotateAnchor
FNDA:3,TAGITStateAnchor.rotateAnchor
DA:93,2
BRDA:93,3,0,1
DA:94,1
DA:95,1
DA:96,1
DA:109,261
FN:109,TAGITStateAnchor.verifyState
FNDA:261,TAGITStateAnchor.verifyState
DA:114,261
DA:115,261
DA:121,2
FN:121,TAGITStateAnchor.syncAge
FNDA:2,TAGITStateAnchor.syncAge
DA:122,2
DA:123,2
BRDA:123,4,0,1
DA:124,1
DA:129,1
FN:129,TAGITStateAnchor.systemSyncAge
FNDA:1,TAGITStateAnchor.systemSyncAge
DA:130,1
FNF:8
FNH:8
LF:29
LH:29
BRF:5
BRH:5
end_of_record
TN:
SF:src/programs/TAGITPrograms.sol
DA:155,92
FN:155,TAGITPrograms.constructor
FNDA:92,TAGITPrograms.constructor
DA:156,92
DA:168,92
FN:168,TAGITPrograms.initialize
FNDA:92,TAGITPrograms.initialize
DA:176,92
BRDA:176,0,0,-
DA:177,92
BRDA:177,1,0,-
DA:178,92
BRDA:178,2,0,-
DA:179,92
BRDA:179,3,0,-
DA:180,92
BRDA:180,4,0,-
DA:181,92
BRDA:181,5,0,-
DA:183,92
DA:184,92
DA:185,92
DA:187,92
DA:188,92
DA:189,92
DA:190,92
DA:191,92
DA:195,92
DA:202,34
FN:202,TAGITPrograms.onlyGovernor
FNDA:34,TAGITPrograms.onlyGovernor
DA:203,34
BRDA:203,6,0,-
DA:204,0
DA:209,3
FN:209,TAGITPrograms.onlyCore
FNDA:3,TAGITPrograms.onlyCore
DA:210,3
BRDA:210,7,0,1
DA:211,1
DA:216,269
FN:216,TAGITPrograms.onlyAuthorizedUpdater
FNDA:269,TAGITPrograms.onlyAuthorizedUpdater
DA:217,269
BRDA:217,8,0,1
DA:218,1
DA:223,3
FN:223,TAGITPrograms.onlyAuthorizedSlasher
FNDA:3,TAGITPrograms.onlyAuthorizedSlasher
DA:224,3
BRDA:224,9,0,1
DA:225,1
DA:237,49
FN:237,TAGITPrograms.createProgram
FNDA:49,TAGITPrograms.createProgram
DA:243,48
BRDA:243,10,0,1
DA:244,47
BRDA:244,11,0,-
DA:245,47
BRDA:245,12,0,-
DA:246,47
BRDA:246,13,0,-
DA:248,47
DA:259,47
DA:262,47
DA:268,1
FN:268,TAGITPrograms.updateProgram
FNDA:1,TAGITPrograms.updateProgram
DA:269,1
DA:270,1
BRDA:270,14,0,-
DA:272,1
DA:273,1
DA:275,1
DA:281,30
FN:281,TAGITPrograms.fundProgram
FNDA:30,TAGITPrograms.fundProgram
DA:282,30
DA:283,30
BRDA:283,15,0,-
DA:284,30
BRDA:284,16,0,-
DA:287,30
DA:288,30
DA:291,30
DA:294,30
DA:304,291
FN:304,TAGITPrograms.claimReward
FNDA:291,TAGITPrograms.claimReward
DA:305,291
DA:311,2
FN:311,TAGITPrograms.batchClaimRewards
FNDA:2,TAGITPrograms.batchClaimRewards
DA:312,2
BRDA:312,17,0,-
DA:314,2
DA:316,6
BRDA:316,18,0,6
DA:317,6
DA:324,3
FN:324,TAGITPrograms.onVerification
FNDA:3,TAGITPrograms.onVerification
DA:326,2
DA:327,2
DA:330,2
DA:331,2
BRDA:331,19,0,1
DA:332,1
DA:333,1
DA:336,1
BRDA:336,20,0,1
DA:337,1
DA:338,1
BRDA:338,21,0,1
DA:340,1
DA:341,1
BRDA:341,22,0,1
BRDA:341,22,1,-
DA:343,1
DA:344,1
DA:346,0
DA:353,2
BRDA:353,23,0,2
DA:354,2
DA:355,2
BRDA:355,24,0,-
DA:356,0
DA:357,0
BRDA:357,25,0,-
DA:358,0
DA:360,0
DA:361,0
DA:367,2
DA:368,2
BRDA:368,26,0,1
DA:369,1
DA:370,1
BRDA:370,27,0,-
DA:371,0
DA:372,0
DA:374,1
DA:378,2
BRDA:378,28,0,1
DA:379,1
DA:380,1
DA:383,2
BRDA:383,29,0,-
DA:384,0
DA:385,0
DA:392,297
FN:392,TAGITPrograms._claimReward
FNDA:297,TAGITPrograms._claimReward
DA:393,297
DA:395,297
BRDA:395,30,0,-
DA:396,297
BRDA:396,31,0,-
DA:397,297
BRDA:397,32,0,-
DA:398,297
BRDA:398,33,0,1
DA:401,296
DA:402,296
BRDA:402,34,0,261
DA:403,261
DA:406,35
DA:409,0
BRDA:409,35,0,-
DA:410,0
DA:414,35
DA:415,35
BRDA:415,36,0,1
DA:416,1
DA:420,34
DA:421,34
DA:422,34
BRDA:422,37,0,-
DA:423,0
DA:427,34
DA:428,34
DA:429,34
DA:432,34
DA:433,34
BRDA:433,38,0,3
DA:434,3
DA:435,3
DA:437,34
DA:440,34
DA:442,34
DA:448,35
FN:448,TAGITPrograms._applyTierMultiplier
FNDA:35,TAGITPrograms._applyTierMultiplier
DA:449,35
DA:450,35
DA:451,35
DA:461,269
FN:461,TAGITPrograms.updateReputation
FNDA:269,TAGITPrograms.updateReputation
DA:466,268
BRDA:466,39,0,-
DA:467,268
BRDA:467,40,0,1
DA:469,267
DA:470,267
DA:472,267
DA:473,267
DA:474,267
DA:476,267
DA:482,259
FN:482,TAGITPrograms.stakeForReputation
FNDA:259,TAGITPrograms.stakeForReputation
DA:483,259
BRDA:483,41,0,1
DA:485,258
DA:487,258
DA:489,258
DA:490,258
DA:496,3
FN:496,TAGITPrograms.slashReputation
FNDA:3,TAGITPrograms.slashReputation
DA:501,2
BRDA:501,42,0,-
DA:503,2
DA:504,2
BRDA:504,43,0,-
DA:506,2
DA:507,2
DA:508,2
DA:510,2
DA:516,258
FN:516,TAGITPrograms.getWeightedScore
FNDA:258,TAGITPrograms.getWeightedScore
DA:517,516
DA:520,516
DA:522,516
BRDA:522,44,0,1
BRDA:522,44,1,515
DA:523,1
DA:524,515
BRDA:524,45,0,-
BRDA:524,45,1,515
DA:525,0
DA:526,515
BRDA:526,46,0,-
BRDA:526,46,1,515
DA:527,0
DA:528,515
BRDA:528,47,0,-
DA:529,0
DA:533,516
DA:534,516
DA:535,516
BRDA:535,48,0,515
DA:536,515
DA:537,515
BRDA:537,49,0,444
DA:540,516
DA:546,4
FN:546,TAGITPrograms.getReputationTier
FNDA:4,TAGITPrograms.getReputationTier
DA:547,39
DA:549,39
BRDA:549,50,0,2
DA:550,37
BRDA:550,51,0,1
DA:551,36
BRDA:551,52,0,1
DA:552,35
DA:558,4
FN:558,TAGITPrograms.getTierMultiplier
FNDA:4,TAGITPrograms.getTierMultiplier
DA:559,39
BRDA:559,53,0,2
DA:560,37
BRDA:560,54,0,1
DA:561,36
BRDA:561,55,0,1
DA:562,35
DA:568,555
FN:568,TAGITPrograms._getRecoveredScore
FNDA:555,TAGITPrograms._getRecoveredScore
DA:569,555
DA:571,555
BRDA:571,56,0,555
DA:572,555
DA:575,0
DA:576,0
BRDA:576,57,0,-
DA:578,0
DA:582,0
DA:583,0
DA:593,2
FN:593,TAGITPrograms.registerRecall
FNDA:2,TAGITPrograms.registerRecall
DA:594,2
BRDA:594,58,0,1
DA:595,1
DA:598,1
DA:604,1
FN:604,TAGITPrograms.notifyCustomsEvent
FNDA:1,TAGITPrograms.notifyCustomsEvent
DA:605,1
BRDA:605,59,0,-
DA:606,0
DA:609,1
DA:620,0
FN:620,TAGITPrograms.setGovernor
FNDA:0,TAGITPrograms.setGovernor
DA:621,0
BRDA:621,60,0,-
DA:622,0
DA:623,0
DA:624,0
DA:631,0
FN:631,TAGITPrograms.setCore
FNDA:0,TAGITPrograms.setCore
DA:632,0
BRDA:632,61,0,-
DA:633,0
DA:634,0
DA:635,0
DA:642,0
FN:642,TAGITPrograms.setToken
FNDA:0,TAGITPrograms.setToken
DA:643,0
BRDA:643,62,0,-
DA:644,0
DA:645,0
DA:646,0
DA:653,34
FN:653,TAGITPrograms.setRecoveryContract
FNDA:34,TAGITPrograms.setRecoveryContract
DA:654,34
BRDA:654,63,0,-
DA:655,34
DA:656,34
DA:657,34
DA:665,34
FN:665,TAGITPrograms.setUpdater
FNDA:34,TAGITPrograms.setUpdater
DA:666,34
BRDA:666,64,0,-
DA:667,34
DA:668,34
DA:679,62
FN:679,TAGITPrograms.setActionVerifier
FNDA:62,TAGITPrograms.setActionVerifier
DA:680,62
DA:681,62
DA:682,62
DA:693,38
FN:693,TAGITPrograms.approveAction
FNDA:38,TAGITPrograms.approveAction
DA:694,38
BRDA:694,65,0,1
DA:695,1
DA:697,37
DA:698,37
DA:699,37
DA:708,1
FN:708,TAGITPrograms.batchApproveActions
FNDA:1,TAGITPrograms.batchApproveActions
DA:713,1
BRDA:713,66,0,-
DA:714,0
DA:716,1
BRDA:716,67,0,-
DA:717,0
DA:719,1
DA:720,2
DA:721,2
DA:722,2
DA:733,3
FN:733,TAGITPrograms.isActionApproved
FNDA:3,TAGITPrograms.isActionApproved
DA:734,3
DA:735,3
DA:741,0
FN:741,TAGITPrograms.actionVerifier
FNDA:0,TAGITPrograms.actionVerifier
DA:742,0
DA:750,0
FN:750,TAGITPrograms.setReporter
FNDA:0,TAGITPrograms.setReporter
DA:751,0
BRDA:751,68,0,-
DA:752,0
DA:758,3
FN:758,TAGITPrograms.pause
FNDA:3,TAGITPrograms.pause
DA:759,2
DA:765,3
FN:765,TAGITPrograms.unpause
FNDA:3,TAGITPrograms.unpause
DA:766,3
DA:777,10
FN:777,TAGITPrograms.updateDrainBalance
FNDA:10,TAGITPrograms.updateDrainBalance
DA:778,9
DA:784,56
FN:784,TAGITPrograms.syncDrainBalance
FNDA:56,TAGITPrograms.syncDrainBalance
DA:785,55
DA:786,55
DA:787,55
DA:793,3
FN:793,TAGITPrograms.resetDrainDetector
FNDA:3,TAGITPrograms.resetDrainDetector
DA:794,2
DA:800,6
FN:800,TAGITPrograms.getDrainDetectorState
FNDA:6,TAGITPrograms.getDrainDetectorState
DA:812,6
DA:829,4
FN:829,TAGITPrograms.getProgram
FNDA:4,TAGITPrograms.getProgram
DA:830,4
DA:836,4
FN:836,TAGITPrograms.getReputation
FNDA:4,TAGITPrograms.getReputation
DA:837,4
DA:843,1
FN:843,TAGITPrograms.getDailyClaims
FNDA:1,TAGITPrograms.getDailyClaims
DA:844,1
DA:845,1
DA:851,2
FN:851,TAGITPrograms.getRemainingBudget
FNDA:2,TAGITPrograms.getRemainingBudget
DA:852,2
DA:853,2
DA:859,0
FN:859,TAGITPrograms.governor
FNDA:0,TAGITPrograms.governor
DA:860,0
DA:866,0
FN:866,TAGITPrograms.coreContract
FNDA:0,TAGITPrograms.coreContract
DA:867,0
DA:873,0
FN:873,TAGITPrograms.isAuthorizedUpdater
FNDA:0,TAGITPrograms.isAuthorizedUpdater
DA:874,0
DA:880,1
FN:880,TAGITPrograms.version
FNDA:1,TAGITPrograms.version
DA:881,1
DA:891,0
FN:891,TAGITPrograms._authorizeUpgrade
FNDA:0,TAGITPrograms._authorizeUpgrade
FNF:49
FNH:40
LF:280
LH:228
BRF:73
BRH:33
end_of_record
TN:
SF:src/recovery/TAGITRecovery.sol
DA:159,1
FN:159,TAGITRecovery.onlyGovernor
FNDA:1,TAGITRecovery.onlyGovernor
DA:160,1
BRDA:160,0,0,-
DA:169,108
FN:169,TAGITRecovery.constructor
FNDA:108,TAGITRecovery.constructor
DA:170,108
DA:182,108
FN:182,TAGITRecovery.initialize
FNDA:108,TAGITRecovery.initialize
DA:193,108
BRDA:193,1,0,1
DA:194,107
BRDA:194,2,0,1
DA:195,106
BRDA:195,3,0,-
DA:196,106
BRDA:196,4,0,-
DA:197,106
BRDA:197,5,0,-
DA:198,106
BRDA:198,6,0,-
DA:203,106
DA:204,106
DA:205,106
DA:207,106
DA:208,106
DA:209,106
DA:210,106
DA:211,106
DA:213,106
DA:214,106
DA:215,106
DA:219,106
DA:221,106
DA:238,603
FN:238,TAGITRecovery.initiateRecovery
FNDA:603,TAGITRecovery.initiateRecovery
DA:250,600
BRDA:250,7,0,5
DA:251,5
DA:255,600
DA:260,598
BRDA:260,8,0,1
DA:261,597
BRDA:261,9,0,1
DA:264,596
DA:265,596
BRDA:265,10,0,1
DA:266,1
DA:267,1
BRDA:267,11,0,1
DA:268,1
DA:273,595
DA:274,595
BRDA:274,12,0,-
DA:277,595
BRDA:277,13,0,1
DA:282,594
DA:285,594
DA:300,594
DA:303,594
DA:306,594
DA:312,594
DA:314,594
DA:315,594
DA:326,4
FN:326,TAGITRecovery.submitEvidence
FNDA:4,TAGITRecovery.submitEvidence
DA:330,4
DA:331,4
BRDA:331,14,0,1
DA:332,3
BRDA:332,15,0,-
DA:335,3
BRDA:335,16,0,1
DA:336,1
DA:340,2
BRDA:340,17,0,-
DA:341,0
DA:347,2
DA:360,1058
FN:360,TAGITRecovery.vote
FNDA:1058,TAGITRecovery.vote
DA:364,1058
DA:365,1058
BRDA:365,18,0,-
DA:368,1058
BRDA:368,19,0,-
DA:369,0
DA:373,1058
BRDA:373,20,0,1
DA:374,1
DA:378,1
BRDA:378,21,0,1
DA:379,1
DA:383,1056
DA:384,1056
BRDA:384,22,0,1
DA:389,1055
DA:390,1055
[...]
DA:383,0
BRDA:383,5,1,-
DA:384,0
DA:389,0
FN:389,StateInvariants.check_RecycledIsTerminal_noFlag
FNDA:0,StateInvariants.check_RecycledIsTerminal_noFlag
DA:390,0
DA:392,0
DA:393,0
DA:395,0
DA:396,0
BRDA:396,6,0,-
DA:397,0
DA:398,0
BRDA:398,6,1,-
DA:399,0
DA:404,0
FN:404,StateInvariants.check_RecycledIsTerminal_noActivate
FNDA:0,StateInvariants.check_RecycledIsTerminal_noActivate
DA:405,0
DA:407,0
DA:408,0
DA:410,0
DA:411,0
BRDA:411,7,0,-
DA:412,0
DA:413,0
BRDA:413,7,1,-
DA:414,0
DA:419,0
FN:419,StateInvariants.check_RecycledIsTerminal_noClaim
FNDA:0,StateInvariants.check_RecycledIsTerminal_noClaim
DA:420,0
DA:422,0
DA:423,0
DA:425,0
DA:426,0
BRDA:426,8,0,-
DA:427,0
DA:428,0
BRDA:428,8,1,-
DA:429,0
DA:439,0
FN:439,StateInvariants.check_OwnershipConsistency_afterMint
FNDA:0,StateInvariants.check_OwnershipConsistency_afterMint
DA:440,0
DA:441,0
DA:443,0
DA:444,0
DA:448,0
FN:448,StateInvariants.check_OwnershipConsistency_afterClaim
FNDA:0,StateInvariants.check_OwnershipConsistency_afterClaim
DA:449,0
DA:450,0
DA:451,0
DA:453,0
DA:454,0
DA:456,0
DA:457,0
DA:458,0
DA:467,0
FN:467,StateInvariants.check_TagBinding_Unique
FNDA:0,StateInvariants.check_TagBinding_Unique
DA:468,0
DA:471,0
DA:473,0
DA:474,0
DA:475,0
DA:479,0
DA:481,0
DA:482,0
DA:483,0
BRDA:483,9,0,-
DA:484,0
DA:485,0
BRDA:485,9,1,-
DA:486,0
FNF:29
FNH:0
LF:251
LH:0
BRF:20
BRH:0
end_of_record
TN:
SF:test/invariant/TAGITCore.invariant.t.sol
DA:54,10
FN:54,TAGITCoreHandler.constructor
FNDA:10,TAGITCoreHandler.constructor
DA:55,10
DA:56,10
DA:58,10
DA:59,10
DA:60,10
DA:61,10
DA:68,137618
FN:68,TAGITCoreHandler._oracleSign
FNDA:137618,TAGITCoreHandler._oracleSign
DA:72,137618
DA:73,137618
DA:74,137618
DA:75,137618
DA:76,137618
DA:82,160740
FN:82,TAGITCoreHandler.mint
FNDA:160740,TAGITCoreHandler.mint
DA:83,160740
DA:84,160740
DA:86,160740
DA:87,160740
DA:89,160740
DA:90,160740
DA:91,160740
DA:97,161040
FN:97,TAGITCoreHandler.bindTag
FNDA:161040,TAGITCoreHandler.bindTag
DA:98,161040
BRDA:98,0,0,161040
DA:100,140468
DA:101,140468
DA:104,140468
DA:107,2850
BRDA:107,1,0,2850
DA:109,137618
DA:111,137618
DA:112,137618
BRDA:112,2,0,137618
DA:114,137618
DA:115,137618
DA:116,137618
DA:117,137618
DA:118,137618
DA:119,137618
DA:126,158380
FN:126,TAGITCoreHandler.activate
FNDA:158380,TAGITCoreHandler.activate
DA:127,158380
BRDA:127,3,0,158380
DA:129,123729
DA:130,123729
DA:132,123729
DA:133,123729
BRDA:133,4,0,123729
DA:134,123729
DA:135,123729
DA:136,123729
DA:137,123729
DA:144,160760
FN:144,TAGITCoreHandler.claim
FNDA:160760,TAGITCoreHandler.claim
DA:145,160760
BRDA:145,5,0,160760
DA:147,113584
DA:148,113584
DA:149,113584
DA:151,113584
DA:152,113584
BRDA:152,6,0,113584
DA:153,113584
DA:154,113584
DA:155,113584
DA:156,113584
DA:163,161760
FN:163,TAGITCoreHandler.flag
FNDA:161760,TAGITCoreHandler.flag
DA:164,161760
BRDA:164,7,0,161760
DA:166,74323
DA:167,74323
DA:169,74323
DA:170,74323
BRDA:170,8,0,74323
DA:171,74263
DA:172,74263
DA:173,74263
DA:174,74263
DA:181,160660
FN:181,TAGITCoreHandler.resolve
FNDA:160660,TAGITCoreHandler.resolve
DA:182,160660
BRDA:182,9,0,160660
DA:184,36932
DA:185,36932
DA:186,36932
DA:189,36932
DA:190,36932
BRDA:190,10,0,36932
DA:191,36932
DA:192,36932
BRDA:192,11,0,36932
DA:194,36932
DA:195,36932
BRDA:195,12,0,36932
DA:196,36932
DA:197,36932
DA:198,36932
DA:199,36932
DA:206,161290
FN:206,TAGITCoreHandler.recycleFromClaimed
FNDA:161290,TAGITCoreHandler.recycleFromClaimed
DA:207,161290
BRDA:207,13,0,161290
DA:209,73024
DA:210,73024
DA:212,73024
DA:213,73024
BRDA:213,14,0,73024
DA:214,73024
DA:215,73024
DA:216,73024
DA:217,73024
DA:218,73024
DA:222,160370
FN:222,TAGITCoreHandler.recycleFromFlagged
FNDA:160370,TAGITCoreHandler.recycleFromFlagged
DA:223,160370
BRDA:223,15,0,160370
DA:225,36261
DA:226,36261
DA:228,36261
DA:229,36261
BRDA:229,16,0,36261
DA:230,36261
DA:231,36261
DA:232,36261
DA:233,36261
DA:234,36261
DA:241,595411
FN:241,TAGITCoreHandler._removeFromArray
FNDA:595411,TAGITCoreHandler._removeFromArray
DA:242,595411
BRDA:242,17,0,288253
DA:243,288253
DA:245,595411
DA:249,0
FN:249,TAGITCoreHandler.getMintedCount
FNDA:0,TAGITCoreHandler.getMintedCount
DA:250,0
DA:253,0
FN:253,TAGITCoreHandler.getBoundCount
FNDA:0,TAGITCoreHandler.getBoundCount
DA:254,0
DA:257,0
FN:257,TAGITCoreHandler.getActivatedCount
FNDA:0,TAGITCoreHandler.getActivatedCount
DA:258,0
DA:261,0
FN:261,TAGITCoreHandler.getClaimedCount
FNDA:0,TAGITCoreHandler.getClaimedCount
DA:262,0
DA:265,0
FN:265,TAGITCoreHandler.getFlaggedCount
FNDA:0,TAGITCoreHandler.getFlaggedCount
DA:266,0
DA:269,0
FN:269,TAGITCoreHandler.getRecycledCount
FNDA:0,TAGITCoreHandler.getRecycledCount
DA:270,0
DA:273,0
FN:273,TAGITCoreHandler.getBoundTagsCount
FNDA:0,TAGITCoreHandler.getBoundTagsCount
DA:274,0
FNF:18
FNH:11
LF:122
LH:108
BRF:18
BRH:18
end_of_record
TN:
SF:test/libraries/CircuitBreaker.t.sol
DA:450,292
FN:450,CircuitBreakerHarness.initialize
FNDA:292,CircuitBreakerHarness.initialize
DA:451,292
DA:454,66010
FN:454,CircuitBreakerHarness.check
FNDA:66010,CircuitBreakerHarness.check
DA:455,66010
DA:458,63575
FN:458,CircuitBreakerHarness.status
FNDA:63575,CircuitBreakerHarness.status
DA:459,63575
DA:462,2
FN:462,CircuitBreakerHarness.forceReset
FNDA:2,CircuitBreakerHarness.forceReset
DA:463,2
DA:466,2
FN:466,CircuitBreakerHarness.setThreshold
FNDA:2,CircuitBreakerHarness.setThreshold
DA:467,2
DA:470,2
FN:470,CircuitBreakerHarness.setCooldown
FNDA:2,CircuitBreakerHarness.setCooldown
DA:471,2
DA:474,2
FN:474,CircuitBreakerHarness.setWindow
FNDA:2,CircuitBreakerHarness.setWindow
DA:475,2
DA:478,9
FN:478,CircuitBreakerHarness.currentCount
FNDA:9,CircuitBreakerHarness.currentCount
DA:479,9
DA:482,5
FN:482,CircuitBreakerHarness.remainingCapacity
FNDA:5,CircuitBreakerHarness.remainingCapacity
DA:483,5
DA:486,2
FN:486,CircuitBreakerHarness.isInitialized
FNDA:2,CircuitBreakerHarness.isInitialized
DA:487,2
DA:490,4
FN:490,CircuitBreakerHarness.getConfig
FNDA:4,CircuitBreakerHarness.getConfig
DA:503,4
FNF:11
FNH:11
LF:22
LH:22
BRF:0
BRH:0
end_of_record
TN:
SF:test/libraries/DrainDetector.t.sol
DA:698,318
FN:698,DrainDetectorHarness.initialize
FNDA:318,DrainDetectorHarness.initialize
DA:706,318
DA:711,4375
FN:711,DrainDetectorHarness.checkWithdrawal
FNDA:4375,DrainDetectorHarness.checkWithdrawal
DA:712,4375
DA:715,2
FN:715,DrainDetectorHarness.recordWithdrawal
FNDA:2,DrainDetectorHarness.recordWithdrawal
DA:716,2
DA:719,2
FN:719,DrainDetectorHarness.recordDeposit
FNDA:2,DrainDetectorHarness.recordDeposit
DA:720,2
DA:723,2
FN:723,DrainDetectorHarness.forceReset
FNDA:2,DrainDetectorHarness.forceReset
DA:724,2
DA:727,3
FN:727,DrainDetectorHarness.setEnabled
FNDA:3,DrainDetectorHarness.setEnabled
DA:728,3
DA:731,1
FN:731,DrainDetectorHarness.setBalance
FNDA:1,DrainDetectorHarness.setBalance
DA:732,1
DA:735,5
FN:735,DrainDetectorHarness.updateThresholds
FNDA:5,DrainDetectorHarness.updateThresholds
DA:736,5
DA:739,521
FN:739,DrainDetectorHarness.status
FNDA:521,DrainDetectorHarness.status
DA:740,521
DA:743,5
FN:743,DrainDetectorHarness.wouldTrigger
FNDA:5,DrainDetectorHarness.wouldTrigger
DA:744,5
DA:747,261
FN:747,DrainDetectorHarness.windowStats
FNDA:261,DrainDetectorHarness.windowStats
DA:748,261
DA:751,3
FN:751,DrainDetectorHarness.remainingCapacity
FNDA:3,DrainDetectorHarness.remainingCapacity
DA:752,3
DA:755,2
FN:755,DrainDetectorHarness.isInitialized
FNDA:2,DrainDetectorHarness.isInitialized
DA:756,2
DA:759,2
FN:759,DrainDetectorHarness.isEnabled
FNDA:2,DrainDetectorHarness.isEnabled
DA:760,2
DA:763,4
FN:763,DrainDetectorHarness.getBalance
FNDA:4,DrainDetectorHarness.getBalance
DA:764,4
DA:767,4
FN:767,DrainDetectorHarness.getConfig
FNDA:4,DrainDetectorHarness.getConfig
DA:781,4
FNF:16
FNH:16
LF:32
LH:32
BRF:0
BRH:0
end_of_record
TN:
SF:test/libraries/RateLimiter.t.sol
DA:596,298
FN:596,RateLimiterHarness.initialize
FNDA:298,RateLimiterHarness.initialize
DA:599,298
DA:602,25510
FN:602,RateLimiterHarness.check
FNDA:25510,RateLimiterHarness.check
DA:603,25510
DA:606,8934
FN:606,RateLimiterHarness.canAct
FNDA:8934,RateLimiterHarness.canAct
DA:607,8934
DA:610,2
FN:610,RateLimiterHarness.forceUnlock
FNDA:2,RateLimiterHarness.forceUnlock
DA:611,2
DA:614,4
FN:614,RateLimiterHarness.setEnabled
FNDA:4,RateLimiterHarness.setEnabled
DA:615,4
DA:618,2
FN:618,RateLimiterHarness.updateConfig
FNDA:2,RateLimiterHarness.updateConfig
DA:621,2
DA:624,2
FN:624,RateLimiterHarness.isInitialized
FNDA:2,RateLimiterHarness.isInitialized
DA:625,2
DA:628,2
FN:628,RateLimiterHarness.isEnabled
FNDA:2,RateLimiterHarness.isEnabled
DA:629,2
DA:632,9
FN:632,RateLimiterHarness.getUserState
FNDA:9,RateLimiterHarness.getUserState
DA:633,9
DA:636,4
FN:636,RateLimiterHarness.getGlobalState
FNDA:4,RateLimiterHarness.getGlobalState
DA:637,4
DA:640,4
FN:640,RateLimiterHarness.getConfig
FNDA:4,RateLimiterHarness.getConfig
DA:653,4
FNF:11
FNH:11
LF:22
LH:22
BRF:0
BRH:0
end_of_record
TN:
SF:test/libraries/ReplayProtection.t.sol
DA:549,43
FN:549,ReplayProtectionHarness.initialize
FNDA:43,ReplayProtectionHarness.initialize
DA:550,43
DA:553,8257
FN:553,ReplayProtectionHarness.validateAndMark
FNDA:8257,ReplayProtectionHarness.validateAndMark
DA:557,8257
DA:562,4
FN:562,ReplayProtectionHarness.isProcessed
FNDA:4,ReplayProtectionHarness.isProcessed
DA:563,4
DA:566,5
FN:566,ReplayProtectionHarness.wouldBeValid
FNDA:5,ReplayProtectionHarness.wouldBeValid
DA:571,5
DA:574,264
FN:574,ReplayProtectionHarness.getChainState
FNDA:264,ReplayProtectionHarness.getChainState
DA:575,264
DA:578,513
FN:578,ReplayProtectionHarness.setNonce
FNDA:513,ReplayProtectionHarness.setNonce
DA:579,513
DA:582,1
FN:582,ReplayProtectionHarness.setEnabled
FNDA:1,ReplayProtectionHarness.setEnabled
DA:583,1
DA:586,1
FN:586,ReplayProtectionHarness.setExpiry
FNDA:1,ReplayProtectionHarness.setExpiry
DA:587,1
DA:590,1
FN:590,ReplayProtectionHarness.setSequential
FNDA:1,ReplayProtectionHarness.setSequential
DA:591,1
DA:594,2
FN:594,ReplayProtectionHarness.isEnabled
FNDA:2,ReplayProtectionHarness.isEnabled
DA:595,2
DA:598,3
FN:598,ReplayProtectionHarness.getExpiry
FNDA:3,ReplayProtectionHarness.getExpiry
DA:599,3
DA:602,3
FN:602,ReplayProtectionHarness.isSequential
FNDA:3,ReplayProtectionHarness.isSequential
DA:603,3
DA:606,2
FN:606,ReplayProtectionHarness.isInitialized
FNDA:2,ReplayProtectionHarness.isInitialized
DA:607,2
FNF:13
FNH:13
LF:26
LH:26
BRF:0
BRH:0
end_of_record
TN:
SF:test/mocks/GnosisSafeMock.sol
DA:37,5
FN:37,GnosisSafeMock.constructor
FNDA:5,GnosisSafeMock.constructor
DA:38,5
DA:39,25
DA:41,5
DA:44,21
FN:44,GnosisSafeMock.onlySigner
FNDA:21,GnosisSafeMock.onlySigner
DA:45,21
DA:46,21
DA:47,40
BRDA:47,0,0,21
DA:48,21
DA:49,21
DA:52,21
BRDA:52,1,0,-
DA:57,8
FN:57,GnosisSafeMock.getTransactionHash
FNDA:8,GnosisSafeMock.getTransactionHash
DA:58,16
DA:62,21
FN:62,GnosisSafeMock.approveHash
FNDA:21,GnosisSafeMock.approveHash
DA:63,0
BRDA:63,2,0,-
DA:65,21
DA:66,21
DA:68,21
DA:72,8
FN:72,GnosisSafeMock.execTransaction
FNDA:8,GnosisSafeMock.execTransaction
DA:73,8
DA:75,0
BRDA:75,3,0,-
DA:76,8
BRDA:76,4,0,2
DA:78,6
DA:80,6
DA:81,6
BRDA:81,5,0,6
BRDA:81,5,1,-
DA:82,6
DA:84,0
DA:85,0
DA:87,6
FNF:5
FNH:5
LF:29
LH:25
BRF:7
BRH:3
end_of_record
TN:
SF:test/mocks/TAGITCoreV2Mock.sol
DA:21,8
FN:21,TAGITCoreV2Mock.constructor
FNDA:8,TAGITCoreV2Mock.constructor
DA:22,8
DA:26,2
FN:26,TAGITCoreV2Mock.initializeV2
FNDA:2,TAGITCoreV2Mock.initializeV2
DA:27,2
DA:31,1
FN:31,TAGITCoreV2Mock.setNewFeature
FNDA:1,TAGITCoreV2Mock.setNewFeature
DA:32,1
DA:36,1
FN:36,TAGITCoreV2Mock.version
FNDA:1,TAGITCoreV2Mock.version
DA:37,1
FNF:4
FNH:4
LF:8
LH:8
BRF:0
BRH:0
end_of_record
TN:
SF:test/programs/TAGITPrograms.t.sol
DA:15,2063
FN:15,MockTAGITAccess.hasIdentity
FNDA:2063,MockTAGITAccess.hasIdentity
DA:16,2063
DA:19,0
FN:19,MockTAGITAccess.hasCapability
FNDA:0,MockTAGITAccess.hasCapability
DA:20,0
DA:23,35
FN:23,MockTAGITAccess.setIdentity
FNDA:35,MockTAGITAccess.setIdentity
DA:24,35
DA:27,0
FN:27,MockTAGITAccess.setCapability
FNDA:0,MockTAGITAccess.setCapability
DA:28,0
FNF:4
FNH:2
LF:8
LH:4
BRF:0
BRH:0
end_of_record
TN:
SF:test/security/CCIPAdapter.nist.t.sol
DA:19,208
FN:19,MockCCIPRouter.getFee
FNDA:208,MockCCIPRouter.getFee
DA:20,208
DA:23,207
FN:23,MockCCIPRouter.ccipSend
FNDA:207,MockCCIPRouter.ccipSend
DA:24,207
DA:33,0
FN:33,MockTAGITCore.getAsset
FNDA:0,MockTAGITCore.getAsset
DA:46,0
FNF:3
FNH:2
LF:6
LH:4
BRF:0
BRH:0
end_of_record
TN:
SF:test/security/CCIPAdapter_Replay.t.sol
DA:22,6
FN:22,MockRouter.getFee
FNDA:6,MockRouter.getFee
DA:23,6
DA:26,6
FN:26,MockRouter.ccipSend
FNDA:6,MockRouter.ccipSend
DA:27,6
DA:35,7
FN:35,MockRouter.deliverMessage
FNDA:7,MockRouter.deliverMessage
DA:36,7
DA:45,6
FN:45,MockTAGITCore.getAsset
FNDA:6,MockTAGITCore.getAsset
DA:58,6
FNF:4
FNH:4
LF:8
LH:8
BRF:0
BRH:0
end_of_record
TN:
SF:test/security/IntegrationFactory_FeeBypass.t.sol
DA:22,267
FN:22,MockERC20.mint
FNDA:267,MockERC20.mint
DA:23,267
DA:31,10
FN:31,MockBurner.constructor
FNDA:10,MockBurner.constructor
DA:32,10
DA:37,242
FN:37,MockBurner.routeFee
FNDA:242,MockBurner.routeFee
DA:38,242
DA:42,0
FN:42,MockBurner.setBurnRate
FNDA:0,MockBurner.setBurnRate
DA:43,0
FN:43,MockBurner.setTreasury
FNDA:0,MockBurner.setTreasury
DA:45,0
FN:45,MockBurner.burnRate
FNDA:0,MockBurner.burnRate
DA:46,0
DA:49,0
FN:49,MockBurner.totalBurned
FNDA:0,MockBurner.totalBurned
DA:50,0
DA:53,0
FN:53,MockBurner.totalToTreasury
FNDA:0,MockBurner.totalToTreasury
DA:54,0
DA:57,0
FN:57,MockBurner.treasury
FNDA:0,MockBurner.treasury
DA:58,0
DA:61,0
FN:61,MockBurner.governor
FNDA:0,MockBurner.governor
DA:62,0
FNF:10
FNH:3
LF:18
LH:6
BRF:0
BRH:0
end_of_record
TN:
SF:test/security/Patch11TreasuryAsset.t.sol
DA:14,4
FN:14,MockTokenP11.mint
FNDA:4,MockTokenP11.mint
DA:15,4
FNF:1
FNH:1
LF:2
LH:2
BRF:0
BRH:0
end_of_record
TN:
SF:test/security/Patch12And13Paymaster.t.sol
DA:14,10
FN:14,MockEntryPointP1213.depositTo
FNDA:10,MockEntryPointP1213.depositTo
DA:15,10
DA:18,0
FN:18,MockEntryPointP1213.balanceOf
FNDA:0,MockEntryPointP1213.balanceOf
DA:19,0
DA:22,2
FN:22,MockEntryPointP1213.withdrawTo
FNDA:2,MockEntryPointP1213.withdrawTo
DA:23,2
BRDA:23,0,0,-
BRDA:23,0,1,2
DA:24,2
DA:25,2
DA:26,2
BRDA:26,1,0,-
BRDA:26,1,1,2
DA:29,0
FN:29,MockEntryPointP1213.getNonce
FNDA:0,MockEntryPointP1213.getNonce
DA:30,0
DA:33,0
FN:33,MockEntryPointP1213.addStake
FNDA:0,MockEntryPointP1213.addStake
DA:34,0
FN:34,MockEntryPointP1213.unlockStake
FNDA:0,MockEntryPointP1213.unlockStake
DA:35,0
FN:35,MockEntryPointP1213.withdrawStake
FNDA:0,MockEntryPointP1213.withdrawStake
DA:37,0
FN:37,MockEntryPointP1213.supportsInterface
FNDA:0,MockEntryPointP1213.supportsInterface
DA:38,0
FNF:8
FNH:2
LF:16
LH:7
BRF:4
BRH:2
end_of_record
TN:
SF:test/security/Patch14ActionProof.t.sol
DA:14,9
FN:14,MockTokenP14.mint
FNDA:9,MockTokenP14.mint
DA:15,9
DA:21,0
FN:21,MockAccessP14.hasIdentity
FNDA:0,MockAccessP14.hasIdentity
DA:22,0
DA:28,0
FN:28,MockStakingP14.getStake
FNDA:0,MockStakingP14.getStake
DA:29,0
FNF:3
FNH:1
LF:6
LH:2
BRF:0
BRH:0
end_of_record
TN:
SF:test/security/Patch15EmailHash.t.sol
DA:15,0
FN:15,MockEntryPointP15.depositTo
FNDA:0,MockEntryPointP15.depositTo
DA:16,0
DA:19,0
FN:19,MockEntryPointP15.balanceOf
FNDA:0,MockEntryPointP15.balanceOf
DA:20,0
DA:23,0
FN:23,MockEntryPointP15.withdrawTo
FNDA:0,MockEntryPointP15.withdrawTo
DA:24,0
BRDA:24,0,0,-
BRDA:24,0,1,-
DA:25,0
DA:26,0
DA:29,0
FN:29,MockEntryPointP15.getNonce
FNDA:0,MockEntryPointP15.getNonce
DA:30,0
DA:33,0
FN:33,MockEntryPointP15.addStake
FNDA:0,MockEntryPointP15.addStake
DA:34,0
FN:34,MockEntryPointP15.unlockStake
FNDA:0,MockEntryPointP15.unlockStake
DA:35,0
FN:35,MockEntryPointP15.withdrawStake
FNDA:0,MockEntryPointP15.withdrawStake
DA:37,0
FN:37,MockEntryPointP15.supportsInterface
FNDA:0,MockEntryPointP15.supportsInterface
DA:38,0
FNF:8
FNH:0
LF:15
LH:0
BRF:2
BRH:0
end_of_record
TN:
SF:test/security/Patch16SessionKeySpend.t.sol
DA:19,0
FN:19,MockEntryPointP16.depositTo
FNDA:0,MockEntryPointP16.depositTo
DA:20,0
DA:23,0
FN:23,MockEntryPointP16.balanceOf
FNDA:0,MockEntryPointP16.balanceOf
DA:24,0
DA:27,0
FN:27,MockEntryPointP16.withdrawTo
FNDA:0,MockEntryPointP16.withdrawTo
DA:28,0
BRDA:28,0,0,-
BRDA:28,0,1,-
DA:29,0
DA:30,0
DA:33,0
FN:33,MockEntryPointP16.getNonce
FNDA:0,MockEntryPointP16.getNonce
DA:34,0
DA:37,0
FN:37,MockEntryPointP16.addStake
FNDA:0,MockEntryPointP16.addStake
DA:38,0
FN:38,MockEntryPointP16.unlockStake
FNDA:0,MockEntryPointP16.unlockStake
DA:39,0
FN:39,MockEntryPointP16.withdrawStake
FNDA:0,MockEntryPointP16.withdrawStake
DA:41,0
FN:41,MockEntryPointP16.supportsInterface
FNDA:0,MockEntryPointP16.supportsInterface
DA:42,0
FNF:8
FNH:0
LF:15
LH:0
BRF:2
BRH:0
end_of_record
TN:
SF:test/security/TAGITAccount.nist.t.sol
DA:19,0
FN:19,MockEntryPointForAccount.getNonce
FNDA:0,MockEntryPointForAccount.getNonce
DA:20,0
DA:23,0
FN:23,MockEntryPointForAccount.incrementNonce
FNDA:0,MockEntryPointForAccount.incrementNonce
DA:24,0
FNF:2
FNH:0
LF:4
LH:0
BRF:0
BRH:0
end_of_record
TN:
SF:test/security/TAGITPaymaster.nist.t.sol
DA:20,30
FN:20,MockEntryPoint.depositTo
FNDA:30,MockEntryPoint.depositTo
DA:21,30
DA:24,1
FN:24,MockEntryPoint.balanceOf
FNDA:1,MockEntryPoint.balanceOf
DA:25,1
DA:28,0
FN:28,MockEntryPoint.withdrawTo
FNDA:0,MockEntryPoint.withdrawTo
DA:29,0
BRDA:29,0,0,-
BRDA:29,0,1,-
DA:30,0
DA:31,0
DA:34,0
FN:34,MockEntryPoint.addStake
FNDA:0,MockEntryPoint.addStake
DA:35,0
FN:35,MockEntryPoint.unlockStake
FNDA:0,MockEntryPoint.unlockStake
DA:36,0
FN:36,MockEntryPoint.withdrawStake
FNDA:0,MockEntryPoint.withdrawStake
FNF:6
FNH:2
LF:11
LH:4
BRF:2
BRH:0
end_of_record
TN:
SF:test/security/TAGITPrograms.nist.t.sol
DA:22,19
FN:22,MockTAGITCore.setPrograms
FNDA:19,MockTAGITCore.setPrograms
DA:23,19
DA:26,0
FN:26,MockTAGITCore.triggerVerification
FNDA:0,MockTAGITCore.triggerVerification
DA:27,0
DA:36,0
FN:36,MockTAGITStaking.getStaked
FNDA:0,MockTAGITStaking.getStaked
DA:37,0
FNF:3
FNH:1
LF:6
LH:2
BRF:0
BRH:0
end_of_record
TN:
SF:test/unit/IntegrationFactory.t.sol
DA:19,75
FN:19,MockToken.constructor
FNDA:75,MockToken.constructor
DA:20,75
DA:23,332
FN:23,MockToken.mint
FNDA:332,MockToken.mint
DA:24,332
DA:34,75
FN:34,MockBurner.setPaymentToken
FNDA:75,MockBurner.setPaymentToken
DA:35,75
DA:38,247
FN:38,MockBurner.routeFee
FNDA:247,MockBurner.routeFee
DA:39,247
BRDA:39,0,0,-
DA:40,247
DA:41,247
DA:42,247
DA:46,0
FN:46,MockBurner.burnRate
FNDA:0,MockBurner.burnRate
DA:47,0
DA:50,0
FN:50,MockBurner.totalBurned
FNDA:0,MockBurner.totalBurned
DA:51,0
DA:54,0
FN:54,MockBurner.totalToTreasury
FNDA:0,MockBurner.totalToTreasury
DA:55,0
DA:58,0
FN:58,MockBurner.treasury
FNDA:0,MockBurner.treasury
DA:59,0
DA:62,0
FN:62,MockBurner.governor
FNDA:0,MockBurner.governor
DA:63,0
DA:65,0
FN:65,MockBurner.setBurnRate
FNDA:0,MockBurner.setBurnRate
DA:66,0
FN:66,MockBurner.setTreasury
FNDA:0,MockBurner.setTreasury
FNF:11
FNH:4
LF:23
LH:11
BRF:1
BRH:0
end_of_record
TN:
SF:test/unit/TAGITCoreProxyComprehensive.t.sol
DA:639,0
FN:639,SelfDestructMock.destroy
FNDA:0,SelfDestructMock.destroy
DA:640,0
DA:648,1
FN:648,ReentrantUpgradeMock.attack
FNDA:1,ReentrantUpgradeMock.attack
DA:652,1
DA:655,1
FN:655,ReentrantUpgradeMock.proxiableUUID
FNDA:1,ReentrantUpgradeMock.proxiableUUID
DA:656,1
FNF:3
FNH:2
LF:6
LH:4
BRF:0
BRH:0
end_of_record
TN:
SF:test/unit/TAGITPaymasterComprehensive.t.sol
DA:20,345
FN:20,MockEntryPointFull.depositTo
FNDA:345,MockEntryPointFull.depositTo
DA:21,345
DA:24,3011
FN:24,MockEntryPointFull.balanceOf
FNDA:3011,MockEntryPointFull.balanceOf
DA:25,3011
DA:28,1
FN:28,MockEntryPointFull.withdrawTo
FNDA:1,MockEntryPointFull.withdrawTo
DA:29,1
BRDA:29,0,0,-
BRDA:29,0,1,1
DA:30,1
DA:31,1
DA:32,1
BRDA:32,1,0,-
BRDA:32,1,1,1
DA:35,0
FN:35,MockEntryPointFull.addStake
FNDA:0,MockEntryPointFull.addStake
DA:36,0
FN:36,MockEntryPointFull.unlockStake
FNDA:0,MockEntryPointFull.unlockStake
DA:37,0
FN:37,MockEntryPointFull.withdrawStake
FNDA:0,MockEntryPointFull.withdrawStake
FNF:6
FNH:3
LF:12
LH:9
BRF:4
BRH:2
end_of_record
TN:
SF:test/unit/escrow/VerificationEscrow.t.sol
DA:16,0
FN:16,MockUSDC.decimals
FNDA:0,MockUSDC.decimals
DA:17,0
DA:20,38
FN:20,MockUSDC.mint
FNDA:38,MockUSDC.mint
DA:21,38
FNF:2
FNH:1
LF:4
LH:2
BRF:0
BRH:0
end_of_record
